[0.057s] Invoking command in '/home/harry/ur3e_ws/build/ur3e_ros_action_cpp': CMAKE_PREFIX_PATH=${CMAKE_PREFIX_PATH}:/home/harry/ur3e_ws/install/ur3e_ros_action:/home/harry/ur_ws/install/ur3e_ros_action:/opt/ros/iron /usr/bin/cmake --build /home/harry/ur3e_ws/build/ur3e_ros_action_cpp -- -j2 -l2
[0.277s] [35m[1mConsolidate compiler generated dependencies of target moveJ_action[0m
[0.383s] [ 50%] [32mBuilding CXX object CMakeFiles/moveJ_action.dir/src/moveJ_action.cpp.o[0m
[20.881s] [01m[K/home/harry/ur3e_ws/src/ur3e_ros_action_cpp/src/moveJ_action.cpp:16:48:[m[K [01;31m[Kerror: [m[Kno matching function for call to â€˜[01m[Kmoveit::planning_interface::MoveGroupInterface::MoveGroupInterface()[m[Kâ€™
[20.881s]    16 | moveit::planning_interface::MoveGroupInterface [01;31m[Kmove_group_interface[m[K;
[20.882s]       |                                                [01;31m[K^~~~~~~~~~~~~~~~~~~~[m[K
[20.884s] In file included from [01m[K/home/harry/ur3e_ws/src/ur3e_ros_action_cpp/src/moveJ_action.cpp:6[m[K:
[20.884s] [01m[K/opt/ros/iron/include/moveit_ros_planning_interface/moveit/move_group_interface/move_group_interface.h:155:3:[m[K [01;36m[Knote: [m[Kcandidate: â€˜[01m[Kmoveit::planning_interface::MoveGroupInterface::MoveGroupInterface(moveit::planning_interface::MoveGroupInterface&&)[m[Kâ€™
[20.884s]   155 |   [01;36m[KMoveGroupInterface[m[K(MoveGroupInterface&& other) noexcept;
[20.885s]       |   [01;36m[K^~~~~~~~~~~~~~~~~~[m[K
[20.885s] [01m[K/opt/ros/iron/include/moveit_ros_planning_interface/moveit/move_group_interface/move_group_interface.h:155:3:[m[K [01;36m[Knote: [m[K  candidate expects 1 argument, 0 provided
[20.885s] [01m[K/opt/ros/iron/include/moveit_ros_planning_interface/moveit/move_group_interface/move_group_interface.h:141:3:[m[K [01;36m[Knote: [m[Kcandidate: â€˜[01m[Kmoveit::planning_interface::MoveGroupInterface::MoveGroupInterface(const SharedPtr&, const string&, const std::shared_ptr<tf2_ros::Buffer>&, const rclcpp::Duration&)[m[Kâ€™
[20.885s]   141 |   [01;36m[KMoveGroupInterface[m[K(const rclcpp::Node::SharedPtr& node, const std::string& group,
[20.886s]       |   [01;36m[K^~~~~~~~~~~~~~~~~~[m[K
[20.886s] [01m[K/opt/ros/iron/include/moveit_ros_planning_interface/moveit/move_group_interface/move_group_interface.h:141:3:[m[K [01;36m[Knote: [m[K  candidate expects 4 arguments, 0 provided
[20.886s] [01m[K/opt/ros/iron/include/moveit_ros_planning_interface/moveit/move_group_interface/move_group_interface.h:130:3:[m[K [01;36m[Knote: [m[Kcandidate: â€˜[01m[Kmoveit::planning_interface::MoveGroupInterface::MoveGroupInterface(const SharedPtr&, const moveit::planning_interface::MoveGroupInterface::Options&, const std::shared_ptr<tf2_ros::Buffer>&, const rclcpp::Duration&)[m[Kâ€™
[20.886s]   130 |   [01;36m[KMoveGroupInterface[m[K(const rclcpp::Node::SharedPtr& node, const Options& opt,
[20.886s]       |   [01;36m[K^~~~~~~~~~~~~~~~~~[m[K
[20.887s] [01m[K/opt/ros/iron/include/moveit_ros_planning_interface/moveit/move_group_interface/move_group_interface.h:130:3:[m[K [01;36m[Knote: [m[K  candidate expects 4 arguments, 0 provided
[32.003s] gmake[2]: *** [CMakeFiles/moveJ_action.dir/build.make:76: CMakeFiles/moveJ_action.dir/src/moveJ_action.cpp.o] Error 1
[32.003s] gmake[1]: *** [CMakeFiles/Makefile2:137: CMakeFiles/moveJ_action.dir/all] Error 2
[32.004s] gmake: *** [Makefile:146: all] Error 2
[32.018s] Invoked command in '/home/harry/ur3e_ws/build/ur3e_ros_action_cpp' returned '2': CMAKE_PREFIX_PATH=${CMAKE_PREFIX_PATH}:/home/harry/ur3e_ws/install/ur3e_ros_action:/home/harry/ur_ws/install/ur3e_ros_action:/opt/ros/iron /usr/bin/cmake --build /home/harry/ur3e_ws/build/ur3e_ros_action_cpp -- -j2 -l2
