[35m[1mConsolidate compiler generated dependencies of target moveJ_action[0m
[ 50%] [32mBuilding CXX object CMakeFiles/moveJ_action.dir/src/moveJ_action.cpp.o[0m
[01m[K/home/harry/ur3e_ws/src/ur3e_ros_action_cpp/src/moveJ_action.cpp:[m[K In member function â€˜[01m[Kvoid MoveJ_ActionServer::execute(std::shared_ptr<rclcpp_action::ServerGoalHandle<ur3e_ros_data::action::MoveJ> >)[m[Kâ€™:
[01m[K/home/harry/ur3e_ws/src/ur3e_ros_action_cpp/src/moveJ_action.cpp:227:25:[m[K [01;31m[Kerror: [m[Kâ€˜[01m[Kreutrn[m[Kâ€™ was not declared in this scope
  227 |                         [01;31m[Kreutrn[m[K;
      |                         [01;31m[K^~~~~~[m[K
[01m[K/home/harry/ur3e_ws/src/ur3e_ros_action_cpp/src/moveJ_action.cpp:237:34:[m[K [01;31m[Kerror: [m[Kâ€˜[01m[Kusing element_type = class rclcpp_action::ServerGoalHandle<ur3e_ros_data::action::MoveJ>[m[Kâ€™ {aka â€˜[01m[Kclass rclcpp_action::ServerGoalHandle<ur3e_ros_data::action::MoveJ>[m[Kâ€™} has no member named â€˜[01m[Ksucceeded[m[Kâ€™; did you mean â€˜[01m[Ksucceed[m[Kâ€™?
  237 |                     goal_handle->[01;31m[Ksucceeded[m[K(result);
      |                                  [01;31m[K^~~~~~~~~[m[K
      |                                  [32m[Ksucceed[m[K
gmake[2]: *** [CMakeFiles/moveJ_action.dir/build.make:76: CMakeFiles/moveJ_action.dir/src/moveJ_action.cpp.o] Error 1
gmake[1]: *** [CMakeFiles/Makefile2:137: CMakeFiles/moveJ_action.dir/all] Error 2
gmake: *** [Makefile:146: all] Error 2
