[0.007s] Invoking command in '/home/harry/ur3e_ws/build/ur3e_ros_action_cpp': CMAKE_PREFIX_PATH=/home/harry/ur3e_ws/install/ur3e_ros_data:/home/harry/ur3e_ws/install/ur3e_ros_action_cpp:/home/harry/ur3e_ws/install/ur3e_moveit:/home/harry/ur3e_ws/install/ur3e_gazebo_sim:/home/harry/ur3e_ws/install/ur3e_ros_action:/opt/ros/iron /usr/bin/cmake --build /home/harry/ur3e_ws/build/ur3e_ros_action_cpp -- -j8 -l8
[0.039s] [35m[1mConsolidate compiler generated dependencies of target moveJ_action[0m
[0.057s] [ 50%] [32mBuilding CXX object CMakeFiles/moveJ_action.dir/src/moveJ_action.cpp.o[0m
[3.244s] [01m[K/home/harry/ur3e_ws/src/ur3e_ros_action_cpp/src/moveJ_action.cpp:[m[K In member function â€˜[01m[Kvoid MoveJ_ActionServer::execute(std::shared_ptr<rclcpp_action::ServerGoalHandle<ur3e_ros_data::action::MoveJ> >)[m[Kâ€™:
[3.244s] [01m[K/home/harry/ur3e_ws/src/ur3e_ros_action_cpp/src/moveJ_action.cpp:227:25:[m[K [01;31m[Kerror: [m[Kâ€˜[01m[Kreutrn[m[Kâ€™ was not declared in this scope
[3.244s]   227 |                         [01;31m[Kreutrn[m[K;
[3.244s]       |                         [01;31m[K^~~~~~[m[K
[3.245s] [01m[K/home/harry/ur3e_ws/src/ur3e_ros_action_cpp/src/moveJ_action.cpp:237:34:[m[K [01;31m[Kerror: [m[Kâ€˜[01m[Kusing element_type = class rclcpp_action::ServerGoalHandle<ur3e_ros_data::action::MoveJ>[m[Kâ€™ {aka â€˜[01m[Kclass rclcpp_action::ServerGoalHandle<ur3e_ros_data::action::MoveJ>[m[Kâ€™} has no member named â€˜[01m[Ksucceeded[m[Kâ€™; did you mean â€˜[01m[Ksucceed[m[Kâ€™?
[3.245s]   237 |                     goal_handle->[01;31m[Ksucceeded[m[K(result);
[3.245s]       |                                  [01;31m[K^~~~~~~~~[m[K
[3.245s]       |                                  [32m[Ksucceed[m[K
[5.168s] gmake[2]: *** [CMakeFiles/moveJ_action.dir/build.make:76: CMakeFiles/moveJ_action.dir/src/moveJ_action.cpp.o] Error 1
[5.168s] gmake[1]: *** [CMakeFiles/Makefile2:137: CMakeFiles/moveJ_action.dir/all] Error 2
[5.168s] gmake: *** [Makefile:146: all] Error 2
[5.170s] Invoked command in '/home/harry/ur3e_ws/build/ur3e_ros_action_cpp' returned '2': CMAKE_PREFIX_PATH=/home/harry/ur3e_ws/install/ur3e_ros_data:/home/harry/ur3e_ws/install/ur3e_ros_action_cpp:/home/harry/ur3e_ws/install/ur3e_moveit:/home/harry/ur3e_ws/install/ur3e_gazebo_sim:/home/harry/ur3e_ws/install/ur3e_ros_action:/opt/ros/iron /usr/bin/cmake --build /home/harry/ur3e_ws/build/ur3e_ros_action_cpp -- -j8 -l8
