[0.067s] Invoking command in '/home/harry/ur_ws/build/ur3e_ros_data': CMAKE_PREFIX_PATH=/opt/ros/iron /usr/bin/cmake /home/harry/ur_ws/src/ur3e_ros_data -DCMAKE_INSTALL_PREFIX=/home/harry/ur_ws/install/ur3e_ros_data
[0.141s] -- Found ament_cmake: 2.0.4 (/opt/ros/iron/share/ament_cmake/cmake)
[0.738s] -- Found rosidl_default_generators: 1.5.0 (/opt/ros/iron/share/rosidl_default_generators/cmake)
[0.747s] -- Using all available rosidl_typesupport_c: rosidl_typesupport_fastrtps_c;rosidl_typesupport_introspection_c
[0.878s] -- Using all available rosidl_typesupport_cpp: rosidl_typesupport_fastrtps_cpp;rosidl_typesupport_introspection_cpp
[1.002s] -- Found rosidl_adapter: 4.0.1 (/opt/ros/iron/share/rosidl_adapter/cmake)
[2.827s] -- Found ament_cmake_ros: 0.11.2 (/opt/ros/iron/share/ament_cmake_ros/cmake)
[3.800s] -- Using all available rosidl_typesupport_c: rosidl_typesupport_fastrtps_c;rosidl_typesupport_introspection_c
[4.738s] -- Using all available rosidl_typesupport_cpp: rosidl_typesupport_fastrtps_cpp;rosidl_typesupport_introspection_cpp
[4.790s] -- Found PythonInterp: /usr/bin/python3 (found suitable version "3.10.12", minimum required is "3.6") 
[4.797s] -- Found python_cmake_module: 0.10.2 (/opt/ros/iron/share/python_cmake_module/cmake)
[4.876s] -- Found PythonLibs: /usr/lib/x86_64-linux-gnu/libpython3.10.so (found suitable version "3.10.12", minimum required is "3.5") 
[4.877s] -- Using PYTHON_EXECUTABLE: /usr/bin/python3
[4.877s] -- Using PYTHON_INCLUDE_DIRS: /usr/include/python3.10
[4.878s] -- Using PYTHON_LIBRARIES: /usr/lib/x86_64-linux-gnu/libpython3.10.so
[4.944s] -- Found PythonExtra: .so  
[5.092s] -- Found ament_lint_auto: 0.14.3 (/opt/ros/iron/share/ament_lint_auto/cmake)
[5.219s] -- Added test 'lint_cmake' to check CMake code style
[5.223s] -- Added test 'xmllint' to check XML markup files
[5.231s] -- Configuring done
[5.328s] -- Generating done
[5.335s] -- Build files have been written to: /home/harry/ur_ws/build/ur3e_ros_data
[5.358s] Invoked command in '/home/harry/ur_ws/build/ur3e_ros_data' returned '0': CMAKE_PREFIX_PATH=/opt/ros/iron /usr/bin/cmake /home/harry/ur_ws/src/ur3e_ros_data -DCMAKE_INSTALL_PREFIX=/home/harry/ur_ws/install/ur3e_ros_data
[5.366s] Invoking command in '/home/harry/ur_ws/build/ur3e_ros_data': CMAKE_PREFIX_PATH=/opt/ros/iron /usr/bin/cmake --build /home/harry/ur_ws/build/ur3e_ros_data -- -j2 -l2
[5.608s] [  2%] [34m[1mGenerating type hashes for ROS interfaces[0m
[5.663s] [  2%] Built target ament_cmake_python_copy_ur3e_ros_data
[6.519s] running egg_info
[6.521s] creating ur3e_ros_data.egg-info
[6.523s] writing ur3e_ros_data.egg-info/PKG-INFO
[6.525s] writing dependency_links to ur3e_ros_data.egg-info/dependency_links.txt
[6.528s] writing top-level names to ur3e_ros_data.egg-info/top_level.txt
[6.528s] writing manifest file 'ur3e_ros_data.egg-info/SOURCES.txt'
[6.533s] reading manifest file 'ur3e_ros_data.egg-info/SOURCES.txt'
[6.535s] writing manifest file 'ur3e_ros_data.egg-info/SOURCES.txt'
[6.583s] Traceback (most recent call last):
[6.583s]   File "/opt/ros/iron/lib/rosidl_generator_type_description/rosidl_generator_type_description", line 50, in <module>
[6.584s]     sys.exit(main())
[6.584s]   File "/opt/ros/iron/lib/rosidl_generator_type_description/rosidl_generator_type_description", line 46, in main
[6.584s]     generate_type_hash(args.generator_arguments_file)
[6.584s]   File "/opt/ros/iron/lib/python3.10/site-packages/rosidl_generator_type_description/__init__.py", line 162, in generate_type_hash
[6.588s]     with include_path.open('r') as include_file:
[6.588s]   File "/usr/lib/python3.10/pathlib.py", line 1119, in open
[6.590s]     return self._accessor.open(self, mode, buffering, encoding, errors,
[6.590s] FileNotFoundError: [Errno 2] No such file or directory: '/home/harry/ur_ws/build/ur3e_ros_data/rosidl_generator_type_description/ur3e_ros_data/msg/JointPost.json'
[6.700s] gmake[2]: *** [CMakeFiles/ur3e_ros_data__rosidl_generator_type_description.dir/build.make:77: rosidl_generator_type_description/ur3e_ros_data/msg/JointPose.json] Error 1
[6.701s] gmake[1]: *** [CMakeFiles/Makefile2:215: CMakeFiles/ur3e_ros_data__rosidl_generator_type_description.dir/all] Error 2
[6.701s] gmake[1]: *** Waiting for unfinished jobs....
[6.717s] [  2%] Built target ament_cmake_python_build_ur3e_ros_data_egg
[6.720s] gmake: *** [Makefile:146: all] Error 2
[6.732s] Invoked command in '/home/harry/ur_ws/build/ur3e_ros_data' returned '2': CMAKE_PREFIX_PATH=/opt/ros/iron /usr/bin/cmake --build /home/harry/ur_ws/build/ur3e_ros_data -- -j2 -l2
