[0.012s] Invoking command in '/home/harry/ur3e_ws/build/ur3e_ros_action_cpp': CMAKE_PREFIX_PATH=/home/harry/ur3e_ws/install/ur3e_ros_data:/home/harry/ur3e_ws/install/ur_moveit_config:/home/harry/ur3e_ws/install/ur_description:/home/harry/ur3e_ws/install/ur_dashboard_msgs:/home/harry/ur3e_ws/install/ur3e_ros_action_cpp:/home/harry/ur3e_ws/install/ur3e_moveit:/home/harry/ur3e_ws/install/ur3e_new_moveit_config:/home/harry/ur3e_ws/install/ur3e_moveit_config:/home/harry/ur3e_ws/install/ur3e_gazebo_sim:/home/harry/ur3e_ws/install/ur3e_ros_action:/opt/ros/iron LD_LIBRARY_PATH=/home/harry/ur3e_ws/install/ur3e_ros_data/lib:/home/harry/ur3e_ws/install/ur_dashboard_msgs/lib:/usr/lib/x86_64-linux-gnu/gazebo-11/plugins:/opt/ros/iron/opt/rviz_ogre_vendor/lib:/opt/ros/iron/lib/x86_64-linux-gnu:/opt/ros/iron/lib PYTHONPATH=/home/harry/ur3e_ws/install/ur3e_ros_data/lib/python3.10/site-packages:/home/harry/ur3e_ws/install/ur_moveit_config/lib/python3.10/site-packages:/home/harry/ur3e_ws/install/ur_dashboard_msgs/lib/python3.10/site-packages:/home/harry/ur3e_ws/install/ur3e_ros_action/lib/python3.10/site-packages:/opt/ros/iron/lib/python3.10/site-packages /usr/bin/cmake --build /home/harry/ur3e_ws/build/ur3e_ros_action_cpp -- -j8 -l8
[0.053s] [35m[1mConsolidate compiler generated dependencies of target moveL_action[0m
[0.061s] [ 50%] Built target moveJ_action
[0.077s] [ 75%] [32mBuilding CXX object CMakeFiles/moveL_action.dir/src/moveL_action.cpp.o[0m
[3.596s] [01m[K/home/harry/ur3e_ws/src/ur3e_ros_action_cpp/src/moveL_action.cpp:[m[K In member function â€˜[01m[Krclcpp_action::GoalResponse ActionServer::handle_goal(const GoalUUID&, std::shared_ptr<const ur3e_ros_data::action::MoveL_Goal_<std::allocator<void> > >)[m[Kâ€™:
[3.596s] [01m[K/home/harry/ur3e_ws/src/ur3e_ros_action_cpp/src/moveL_action.cpp:84:41:[m[K [01;35m[Kwarning: [m[Kunused parameter â€˜[01m[Kuuid[m[Kâ€™ [[01;35m[K]8;;https://gcc.gnu.org/onlinedocs/gcc/Warning-Options.html#index-Wunused-parameter-Wunused-parameter]8;;[m[K]
[3.596s]    84 |         [01;35m[Kconst rclcpp_action::GoalUUID & uuid[m[K,
[3.596s]       |         [01;35m[K~~~~~~~~~~~~~~~~~~~~~~~~~~~~~~~~^~~~[m[K
[3.603s] [01m[K/home/harry/ur3e_ws/src/ur3e_ros_action_cpp/src/moveL_action.cpp:[m[K In member function â€˜[01m[Kvoid ActionServer::execute(std::shared_ptr<rclcpp_action::ServerGoalHandle<ur3e_ros_data::action::MoveL> >)[m[Kâ€™:
[3.603s] [01m[K/home/harry/ur3e_ws/src/ur3e_ros_action_cpp/src/moveL_action.cpp:194:20:[m[K [01;35m[Kwarning: [m[Kunused variable â€˜[01m[Kfraction[m[Kâ€™ [[01;35m[K]8;;https://gcc.gnu.org/onlinedocs/gcc/Warning-Options.html#index-Wunused-variable-Wunused-variable]8;;[m[K]
[3.603s]   194 |             double [01;35m[Kfraction[m[K = move_group_interface.computeCartesianPath(waypoints, eef_step, jump_threshold, trajectory);
[3.603s]       |                    [01;35m[K^~~~~~~~[m[K
[3.603s] [01m[K/home/harry/ur3e_ws/src/ur3e_ros_action_cpp/src/moveL_action.cpp:144:46:[m[K [01;35m[Kwarning: [m[Kunused variable â€˜[01m[Kjoint_model_group[m[Kâ€™ [[01;35m[K]8;;https://gcc.gnu.org/onlinedocs/gcc/Warning-Options.html#index-Wunused-variable-Wunused-variable]8;;[m[K]
[3.604s]   144 |         const moveit::core::JointModelGroup* [01;35m[Kjoint_model_group[m[K = move_group_interface.getCurrentState()->getJointModelGroup(my_param);
[3.604s]       |                                              [01;35m[K^~~~~~~~~~~~~~~~~[m[K
[6.045s] [100%] [32m[1mLinking CXX executable moveL_action[0m
[6.319s] /usr/bin/ld: CMakeFiles/moveL_action.dir/src/moveL_action.cpp.o: in function `ActionServer::execute(std::shared_ptr<rclcpp_action::ServerGoalHandle<ur3e_ros_data::action::MoveL> >)':
[6.319s] moveL_action.cpp:(.text._ZN12ActionServer7executeESt10shared_ptrIN13rclcpp_action16ServerGoalHandleIN13ur3e_ros_data6action5MoveLEEEE[_ZN12ActionServer7executeESt10shared_ptrIN13rclcpp_action16ServerGoalHandleIN13ur3e_ros_data6action5MoveLEEEE]+0x593): undefined reference to `moveit::planning_interface::MoveGroupInterface::execute(moveit_msgs::msg::RobotTrajectory_<std::allocator<void> > const&)'
[6.345s] collect2: error: ld returned 1 exit status
[6.346s] gmake[2]: *** [CMakeFiles/moveL_action.dir/build.make:379: moveL_action] Error 1
[6.347s] gmake[1]: *** [CMakeFiles/Makefile2:165: CMakeFiles/moveL_action.dir/all] Error 2
[6.347s] gmake: *** [Makefile:146: all] Error 2
[6.348s] Invoked command in '/home/harry/ur3e_ws/build/ur3e_ros_action_cpp' returned '2': CMAKE_PREFIX_PATH=/home/harry/ur3e_ws/install/ur3e_ros_data:/home/harry/ur3e_ws/install/ur_moveit_config:/home/harry/ur3e_ws/install/ur_description:/home/harry/ur3e_ws/install/ur_dashboard_msgs:/home/harry/ur3e_ws/install/ur3e_ros_action_cpp:/home/harry/ur3e_ws/install/ur3e_moveit:/home/harry/ur3e_ws/install/ur3e_new_moveit_config:/home/harry/ur3e_ws/install/ur3e_moveit_config:/home/harry/ur3e_ws/install/ur3e_gazebo_sim:/home/harry/ur3e_ws/install/ur3e_ros_action:/opt/ros/iron LD_LIBRARY_PATH=/home/harry/ur3e_ws/install/ur3e_ros_data/lib:/home/harry/ur3e_ws/install/ur_dashboard_msgs/lib:/usr/lib/x86_64-linux-gnu/gazebo-11/plugins:/opt/ros/iron/opt/rviz_ogre_vendor/lib:/opt/ros/iron/lib/x86_64-linux-gnu:/opt/ros/iron/lib PYTHONPATH=/home/harry/ur3e_ws/install/ur3e_ros_data/lib/python3.10/site-packages:/home/harry/ur3e_ws/install/ur_moveit_config/lib/python3.10/site-packages:/home/harry/ur3e_ws/install/ur_dashboard_msgs/lib/python3.10/site-packages:/home/harry/ur3e_ws/install/ur3e_ros_action/lib/python3.10/site-packages:/opt/ros/iron/lib/python3.10/site-packages /usr/bin/cmake --build /home/harry/ur3e_ws/build/ur3e_ros_action_cpp -- -j8 -l8
