[0.054s] Invoking command in '/home/harry/ur3e_ws/build/ur3e_ros_action_cpp': CMAKE_PREFIX_PATH=${CMAKE_PREFIX_PATH}:/home/harry/ur3e_ws/install/ur3e_ros_action:/home/harry/ur_ws/install/ur3e_ros_action:/opt/ros/iron /usr/bin/cmake --build /home/harry/ur3e_ws/build/ur3e_ros_action_cpp -- -j2 -l2
[0.294s] [35m[1mConsolidate compiler generated dependencies of target moveJ_action[0m
[0.413s] [ 50%] [32mBuilding CXX object CMakeFiles/moveJ_action.dir/src/moveJ_action.cpp.o[0m
[25.407s] [01m[K/home/harry/ur3e_ws/src/ur3e_ros_action_cpp/src/moveJ_action.cpp:16:48:[m[K [01;31m[Kerror: [m[Kno matching function for call to â€˜[01m[Kmoveit::planning_interface::MoveGroupInterface::MoveGroupInterface()[m[Kâ€™
[25.407s]    16 | moveit::planning_interface::MoveGroupInterface [01;31m[Kmove_group_interface[m[K;
[25.407s]       |                                                [01;31m[K^~~~~~~~~~~~~~~~~~~~[m[K
[25.408s] In file included from [01m[K/home/harry/ur3e_ws/src/ur3e_ros_action_cpp/src/moveJ_action.cpp:6[m[K:
[25.408s] [01m[K/opt/ros/iron/include/moveit_ros_planning_interface/moveit/move_group_interface/move_group_interface.h:155:3:[m[K [01;36m[Knote: [m[Kcandidate: â€˜[01m[Kmoveit::planning_interface::MoveGroupInterface::MoveGroupInterface(moveit::planning_interface::MoveGroupInterface&&)[m[Kâ€™
[25.408s]   155 |   [01;36m[KMoveGroupInterface[m[K(MoveGroupInterface&& other) noexcept;
[25.409s]       |   [01;36m[K^~~~~~~~~~~~~~~~~~[m[K
[25.409s] [01m[K/opt/ros/iron/include/moveit_ros_planning_interface/moveit/move_group_interface/move_group_interface.h:155:3:[m[K [01;36m[Knote: [m[K  candidate expects 1 argument, 0 provided
[25.409s] [01m[K/opt/ros/iron/include/moveit_ros_planning_interface/moveit/move_group_interface/move_group_interface.h:141:3:[m[K [01;36m[Knote: [m[Kcandidate: â€˜[01m[Kmoveit::planning_interface::MoveGroupInterface::MoveGroupInterface(const SharedPtr&, const string&, const std::shared_ptr<tf2_ros::Buffer>&, const rclcpp::Duration&)[m[Kâ€™
[25.409s]   141 |   [01;36m[KMoveGroupInterface[m[K(const rclcpp::Node::SharedPtr& node, const std::string& group,
[25.409s]       |   [01;36m[K^~~~~~~~~~~~~~~~~~[m[K
[25.410s] [01m[K/opt/ros/iron/include/moveit_ros_planning_interface/moveit/move_group_interface/move_group_interface.h:141:3:[m[K [01;36m[Knote: [m[K  candidate expects 4 arguments, 0 provided
[25.410s] [01m[K/opt/ros/iron/include/moveit_ros_planning_interface/moveit/move_group_interface/move_group_interface.h:130:3:[m[K [01;36m[Knote: [m[Kcandidate: â€˜[01m[Kmoveit::planning_interface::MoveGroupInterface::MoveGroupInterface(const SharedPtr&, const moveit::planning_interface::MoveGroupInterface::Options&, const std::shared_ptr<tf2_ros::Buffer>&, const rclcpp::Duration&)[m[Kâ€™
[25.410s]   130 |   [01;36m[KMoveGroupInterface[m[K(const rclcpp::Node::SharedPtr& node, const Options& opt,
[25.410s]       |   [01;36m[K^~~~~~~~~~~~~~~~~~[m[K
[25.411s] [01m[K/opt/ros/iron/include/moveit_ros_planning_interface/moveit/move_group_interface/move_group_interface.h:130:3:[m[K [01;36m[Knote: [m[K  candidate expects 4 arguments, 0 provided
[25.629s] In file included from [01m[K/opt/ros/iron/include/rclcpp/rclcpp/logging.hpp:24[m[K,
[25.630s]                  from [01m[K/opt/ros/iron/include/moveit_core/moveit/kinematics_base/kinematics_base.h:42[m[K,
[25.630s]                  from [01m[K/opt/ros/iron/include/moveit_core/moveit/robot_model/joint_model_group.h:42[m[K,
[25.630s]                  from [01m[K/opt/ros/iron/include/moveit_core/moveit/robot_model/robot_model.h:45[m[K,
[25.630s]                  from [01m[K/opt/ros/iron/include/moveit_core/moveit/robot_state/robot_state.h:40[m[K,
[25.631s]                  from [01m[K/opt/ros/iron/include/moveit_ros_planning_interface/moveit/move_group_interface/move_group_interface.h:41[m[K,
[25.631s]                  from [01m[K/home/harry/ur3e_ws/src/ur3e_ros_action_cpp/src/moveJ_action.cpp:6[m[K:
[25.631s] [01m[K/home/harry/ur3e_ws/src/ur3e_ros_action_cpp/src/moveJ_action.cpp:[m[K In member function â€˜[01m[Krclcpp_action::GoalResponse MoveJ_ActionServer::handle_goal(const GoalUUID&, std::shared_ptr<const ur3e_ros_data::action::MoveJ_Goal_<std::allocator<void> > >)[m[Kâ€™:
[25.632s] [01m[K/home/harry/ur3e_ws/src/ur3e_ros_action_cpp/src/moveJ_action.cpp:55:90:[m[K [01;31m[Kerror: [m[Kâ€˜[01m[Kusing element_type = const struct ur3e_ros_data::action::MoveJ_Goal_<std::allocator<void> >[m[Kâ€™ {aka â€˜[01m[Kconst struct ur3e_ros_data::action::MoveJ_Goal_<std::allocator<void> >[m[Kâ€™} has no member named â€˜[01m[Korder[m[Kâ€™
[25.632s]    55 | his->get_logger(), "Received goal request with order %d", goal->[01;31m[Korder[m[K);
[25.632s]       |                                                                 [01;31m[K^~~~~[m[K
[25.632s] 
[38.795s] gmake[2]: *** [CMakeFiles/moveJ_action.dir/build.make:76: CMakeFiles/moveJ_action.dir/src/moveJ_action.cpp.o] Error 1
[38.795s] gmake[1]: *** [CMakeFiles/Makefile2:137: CMakeFiles/moveJ_action.dir/all] Error 2
[38.796s] gmake: *** [Makefile:146: all] Error 2
[38.796s] Invoked command in '/home/harry/ur3e_ws/build/ur3e_ros_action_cpp' returned '2': CMAKE_PREFIX_PATH=${CMAKE_PREFIX_PATH}:/home/harry/ur3e_ws/install/ur3e_ros_action:/home/harry/ur_ws/install/ur3e_ros_action:/opt/ros/iron /usr/bin/cmake --build /home/harry/ur3e_ws/build/ur3e_ros_action_cpp -- -j2 -l2
