[35m[1mConsolidate compiler generated dependencies of target moveJ_action[0m
[ 50%] [32mBuilding CXX object CMakeFiles/moveJ_action.dir/src/moveJ_action.cpp.o[0m
[01m[K/home/harry/ur3e_ws/src/ur3e_ros_action_cpp/src/moveJ_action.cpp:16:72:[m[K [01;31m[Kerror: [m[Kaggregate â€˜[01m[Kmoveit::planning_interface::MoveGroupInterface::MoveGroupInterfaceImpl _move_group_interface[m[Kâ€™ has incomplete type and cannot be defined
   16 | nning_interface::MoveGroupInterface::MoveGroupInterfaceImpl [01;31m[K_move_group_interface[m[K;
      |                                                             [01;31m[K^~~~~~~~~~~~~~~~~~~~~[m[K

[01m[K/home/harry/ur3e_ws/src/ur3e_ros_action_cpp/src/moveJ_action.cpp:16:49:[m[K [01;31m[Kerror: [m[Kâ€˜[01m[Kclass moveit::planning_interface::MoveGroupInterface::MoveGroupInterfaceImpl[m[Kâ€™ is private within this context
   16 | moveit::planning_interface::MoveGroupInterface::[01;31m[KMoveGroupInterfaceImpl[m[K _move_group_interface;
      |                                                 [01;31m[K^~~~~~~~~~~~~~~~~~~~~~[m[K
In file included from [01m[K/home/harry/ur3e_ws/src/ur3e_ros_action_cpp/src/moveJ_action.cpp:6[m[K:
[01m[K/opt/ros/iron/include/moveit_ros_planning_interface/moveit/move_group_interface/move_group_interface.h:949:9:[m[K [01;36m[Knote: [m[Kdeclared private here
  949 |   class [01;36m[KMoveGroupInterfaceImpl[m[K;
      |         [01;36m[K^~~~~~~~~~~~~~~~~~~~~~[m[K
gmake[2]: *** [CMakeFiles/moveJ_action.dir/build.make:76: CMakeFiles/moveJ_action.dir/src/moveJ_action.cpp.o] Error 1
gmake[1]: *** [CMakeFiles/Makefile2:137: CMakeFiles/moveJ_action.dir/all] Error 2
gmake: *** [Makefile:146: all] Error 2
