[0.052s] Invoking command in '/home/harry/ur3e_ws/build/ur3e_ros_action_cpp': CMAKE_PREFIX_PATH=${CMAKE_PREFIX_PATH}:/home/harry/ur3e_ws/install/ur3e_ros_action:/home/harry/ur_ws/install/ur3e_ros_action:/opt/ros/iron /usr/bin/cmake --build /home/harry/ur3e_ws/build/ur3e_ros_action_cpp -- -j2 -l2
[0.282s] [35m[1mConsolidate compiler generated dependencies of target moveJ_action[0m
[0.394s] [ 50%] [32mBuilding CXX object CMakeFiles/moveJ_action.dir/src/moveJ_action.cpp.o[0m
[22.864s] [01m[K/home/harry/ur3e_ws/src/ur3e_ros_action_cpp/src/moveJ_action.cpp:16:72:[m[K [01;31m[Kerror: [m[Kaggregate â€˜[01m[Kmoveit::planning_interface::MoveGroupInterface::MoveGroupInterfaceImpl _move_group_interface[m[Kâ€™ has incomplete type and cannot be defined
[22.865s]    16 | nning_interface::MoveGroupInterface::MoveGroupInterfaceImpl [01;31m[K_move_group_interface[m[K;
[22.865s]       |                                                             [01;31m[K^~~~~~~~~~~~~~~~~~~~~[m[K
[22.865s] 
[22.866s] [01m[K/home/harry/ur3e_ws/src/ur3e_ros_action_cpp/src/moveJ_action.cpp:16:49:[m[K [01;31m[Kerror: [m[Kâ€˜[01m[Kclass moveit::planning_interface::MoveGroupInterface::MoveGroupInterfaceImpl[m[Kâ€™ is private within this context
[22.866s]    16 | moveit::planning_interface::MoveGroupInterface::[01;31m[KMoveGroupInterfaceImpl[m[K _move_group_interface;
[22.866s]       |                                                 [01;31m[K^~~~~~~~~~~~~~~~~~~~~~[m[K
[22.871s] In file included from [01m[K/home/harry/ur3e_ws/src/ur3e_ros_action_cpp/src/moveJ_action.cpp:6[m[K:
[22.871s] [01m[K/opt/ros/iron/include/moveit_ros_planning_interface/moveit/move_group_interface/move_group_interface.h:949:9:[m[K [01;36m[Knote: [m[Kdeclared private here
[22.872s]   949 |   class [01;36m[KMoveGroupInterfaceImpl[m[K;
[22.872s]       |         [01;36m[K^~~~~~~~~~~~~~~~~~~~~~[m[K
[34.204s] gmake[2]: *** [CMakeFiles/moveJ_action.dir/build.make:76: CMakeFiles/moveJ_action.dir/src/moveJ_action.cpp.o] Error 1
[34.204s] gmake[1]: *** [CMakeFiles/Makefile2:137: CMakeFiles/moveJ_action.dir/all] Error 2
[34.209s] gmake: *** [Makefile:146: all] Error 2
[34.215s] Invoked command in '/home/harry/ur3e_ws/build/ur3e_ros_action_cpp' returned '2': CMAKE_PREFIX_PATH=${CMAKE_PREFIX_PATH}:/home/harry/ur3e_ws/install/ur3e_ros_action:/home/harry/ur_ws/install/ur3e_ros_action:/opt/ros/iron /usr/bin/cmake --build /home/harry/ur3e_ws/build/ur3e_ros_action_cpp -- -j2 -l2
