[01m[K/home/harry/ur3e_ws/src/ur3e_ros_action_cpp/src/moveJ_action.cpp:[m[K In constructor â€˜[01m[KMoveJ_ActionServer::MoveJ_ActionServer(const rclcpp::NodeOptions&)[m[Kâ€™:
[01m[K/home/harry/ur3e_ws/src/ur3e_ros_action_cpp/src/moveJ_action.cpp:42:48:[m[K [01;31m[Kerror: [m[Kâ€˜[01m[Khandle_goal[m[Kâ€™ is not a member of â€˜[01m[KMoveJ_ActionServer[m[Kâ€™
   42 |                 std::bind(&MoveJ_ActionServer::[01;31m[Khandle_goal[m[K, this, _1, _2),
      |                                                [01;31m[K^~~~~~~~~~~[m[K
[01m[K/home/harry/ur3e_ws/src/ur3e_ros_action_cpp/src/moveJ_action.cpp:43:48:[m[K [01;31m[Kerror: [m[Kâ€˜[01m[Khandle_cancel[m[Kâ€™ is not a member of â€˜[01m[KMoveJ_ActionServer[m[Kâ€™
   43 |                 std::bind(&MoveJ_ActionServer::[01;31m[Khandle_cancel[m[K, this, _1),
      |                                                [01;31m[K^~~~~~~~~~~~~[m[K
[01m[K/home/harry/ur3e_ws/src/ur3e_ros_action_cpp/src/moveJ_action.cpp:44:48:[m[K [01;31m[Kerror: [m[Kâ€˜[01m[Khandle_accepted[m[Kâ€™ is not a member of â€˜[01m[KMoveJ_ActionServer[m[Kâ€™
   44 |                 std::bind(&MoveJ_ActionServer::[01;31m[Khandle_accepted[m[K, this, _1));
      |                                                [01;31m[K^~~~~~~~~~~~~~~[m[K
In file included from [01m[K/opt/ros/iron/include/rclcpp/rclcpp/logging.hpp:24[m[K,
                 from [01m[K/opt/ros/iron/include/moveit_core/moveit/kinematics_base/kinematics_base.h:42[m[K,
                 from [01m[K/opt/ros/iron/include/moveit_core/moveit/robot_model/joint_model_group.h:42[m[K,
                 from [01m[K/opt/ros/iron/include/moveit_core/moveit/robot_model/robot_model.h:45[m[K,
                 from [01m[K/opt/ros/iron/include/moveit_core/moveit/robot_state/robot_state.h:40[m[K,
                 from [01m[K/opt/ros/iron/include/moveit_ros_planning_interface/moveit/move_group_interface/move_group_interface.h:41[m[K,
                 from [01m[K/home/harry/ur3e_ws/src/ur3e_ros_action_cpp/src/moveJ_action.cpp:6[m[K:
[01m[K/home/harry/ur3e_ws/src/ur3e_ros_action_cpp/src/moveJ_action.cpp:[m[K In member function â€˜[01m[Krclcpp_action::GoalResponse MoveJ_ActionServer::hangle_goal(const GoalUUID&, std::shared_ptr<const ur3e_ros_data::action::MoveJ_Goal_<std::allocator<void> > >)[m[Kâ€™:
[01m[K/home/harry/ur3e_ws/src/ur3e_ros_action_cpp/src/moveJ_action.cpp:55:90:[m[K [01;31m[Kerror: [m[Kâ€˜[01m[Kusing element_type = const struct ur3e_ros_data::action::MoveJ_Goal_<std::allocator<void> >[m[Kâ€™ {aka â€˜[01m[Kconst struct ur3e_ros_data::action::MoveJ_Goal_<std::allocator<void> >[m[Kâ€™} has no member named â€˜[01m[Korder[m[Kâ€™
   55 | his->get_logger(), "Received goal request with order %d", goal->[01;31m[Korder[m[K);
      |                                                                 [01;31m[K^~~~~[m[K

gmake[2]: *** [CMakeFiles/moveJ_action.dir/build.make:76: CMakeFiles/moveJ_action.dir/src/moveJ_action.cpp.o] Error 1
gmake[1]: *** [CMakeFiles/Makefile2:137: CMakeFiles/moveJ_action.dir/all] Error 2
gmake: *** [Makefile:146: all] Error 2
