[ 50%] Built target moveJ_action
[ 75%] [32mBuilding CXX object CMakeFiles/moveL_action.dir/src/moveL_action.cpp.o[0m
[01m[K/home/harry/ur3e_ws/src/ur3e_ros_action_cpp/src/moveL_action.cpp:63:19:[m[K [01;31m[Kerror: [m[Kâ€˜[01m[Kros2_data[m[Kâ€™ does not name a type
   63 |     using MoveL = [01;31m[Kros2_data[m[K::action::MoveL;
      |                   [01;31m[K^~~~~~~~~[m[K
[01m[K/home/harry/ur3e_ws/src/ur3e_ros_action_cpp/src/moveL_action.cpp:64:56:[m[K [01;31m[Kerror: [m[Kâ€˜[01m[KMoveL[m[Kâ€™ was not declared in this scope; did you mean â€˜[01m[Kur3e_ros_data::action::MoveL[m[Kâ€™?
   64 |     using GoalHandle = rclcpp_action::ServerGoalHandle<[01;31m[KMoveL[m[K>;
      |                                                        [01;31m[K^~~~~[m[K
      |                                                        [32m[Kur3e_ros_data::action::MoveL[m[K
In file included from [01m[K/home/harry/ur3e_ws/install/ur3e_ros_data/include/ur3e_ros_data/ur3e_ros_data/action/move_l.hpp:7[m[K,
                 from [01m[K/home/harry/ur3e_ws/src/ur3e_ros_action_cpp/src/moveL_action.cpp:46[m[K:
[01m[K/home/harry/ur3e_ws/install/ur3e_ros_data/include/ur3e_ros_data/ur3e_ros_data/action/detail/move_l__struct.hpp:1372:22:[m[K [01;36m[Knote: [m[Kâ€˜[01m[Kur3e_ros_data::action::MoveL[m[Kâ€™ declared here
 1372 | typedef struct MoveL [01;36m[KMoveL[m[K;
      |                      [01;36m[K^~~~~[m[K
[01m[K/home/harry/ur3e_ws/src/ur3e_ros_action_cpp/src/moveL_action.cpp:64:61:[m[K [01;31m[Kerror: [m[Ktemplate argument 1 is invalid
   64 |     using GoalHandle = rclcpp_action::ServerGoalHandle<MoveL[01;31m[K>[m[K;
      |                                                             [01;31m[K^[m[K
[01m[K/home/harry/ur3e_ws/src/ur3e_ros_action_cpp/src/moveL_action.cpp:80:27:[m[K [01;31m[Kerror: [m[Kâ€˜[01m[KMoveL[m[Kâ€™ was not declared in this scope; did you mean â€˜[01m[Kur3e_ros_data::action::MoveL[m[Kâ€™?
   80 |     rclcpp_action::Server<[01;31m[KMoveL[m[K>::SharedPtr action_server_;
      |                           [01;31m[K^~~~~[m[K
      |                           [32m[Kur3e_ros_data::action::MoveL[m[K
In file included from [01m[K/home/harry/ur3e_ws/install/ur3e_ros_data/include/ur3e_ros_data/ur3e_ros_data/action/move_l.hpp:7[m[K,
                 from [01m[K/home/harry/ur3e_ws/src/ur3e_ros_action_cpp/src/moveL_action.cpp:46[m[K:
[01m[K/home/harry/ur3e_ws/install/ur3e_ros_data/include/ur3e_ros_data/ur3e_ros_data/action/detail/move_l__struct.hpp:1372:22:[m[K [01;36m[Knote: [m[Kâ€˜[01m[Kur3e_ros_data::action::MoveL[m[Kâ€™ declared here
 1372 | typedef struct MoveL [01;36m[KMoveL[m[K;
      |                      [01;36m[K^~~~~[m[K
[01m[K/home/harry/ur3e_ws/src/ur3e_ros_action_cpp/src/moveL_action.cpp:80:32:[m[K [01;31m[Kerror: [m[Ktemplate argument 1 is invalid
   80 |     rclcpp_action::Server<MoveL[01;31m[K>[m[K::SharedPtr action_server_;
      |                                [01;31m[K^[m[K
[01m[K/home/harry/ur3e_ws/src/ur3e_ros_action_cpp/src/moveL_action.cpp:80:35:[m[K [01;31m[Kerror: [m[Kexpected â€˜[01m[K;[m[Kâ€™ at end of member declaration
   80 |     rclcpp_action::Server<MoveL>::[01;31m[KSharedPtr[m[K action_server_;
      |                                   [01;31m[K^~~~~~~~~[m[K
      |                                            [32m[K;[m[K
[01m[K/home/harry/ur3e_ws/src/ur3e_ros_action_cpp/src/moveL_action.cpp:80:45:[m[K [01;31m[Kerror: [m[Kâ€˜[01m[Kaction_server_[m[Kâ€™ does not name a type; did you mean â€˜[01m[KActionServer[m[Kâ€™?
   80 |     rclcpp_action::Server<MoveL>::SharedPtr [01;31m[Kaction_server_[m[K;
      |                                             [01;31m[K^~~~~~~~~~~~~~[m[K
      |                                             [32m[KActionServer[m[K
[01m[K/home/harry/ur3e_ws/src/ur3e_ros_action_cpp/src/moveL_action.cpp:85:36:[m[K [01;31m[Kerror: [m[KISO C++ forbids declaration of â€˜[01m[Ktype name[m[Kâ€™ with no type [[01;31m[K]8;;https://gcc.gnu.org/onlinedocs/gcc/Warning-Options.html#index-fpermissive-fpermissive]8;;[m[K]
   85 |         std::shared_ptr<const MoveL[01;31m[K::[m[KGoal> goal)
      |                                    [01;31m[K^~[m[K
[01m[K/home/harry/ur3e_ws/src/ur3e_ros_action_cpp/src/moveL_action.cpp:85:42:[m[K [01;31m[Kerror: [m[Ktemplate argument 1 is invalid
   85 |         std::shared_ptr<const MoveL::Goal[01;31m[K>[m[K goal)
      |                                          [01;31m[K^[m[K
[01m[K/home/harry/ur3e_ws/src/ur3e_ros_action_cpp/src/moveL_action.cpp:85:36:[m[K [01;31m[Kerror: [m[KISO C++ forbids declaration of â€˜[01m[Ktype name[m[Kâ€™ with no type [[01;31m[K]8;;https://gcc.gnu.org/onlinedocs/gcc/Warning-Options.html#index-fpermissive-fpermissive]8;;[m[K]
   85 |         std::shared_ptr<const MoveL[01;31m[K::[m[KGoal> goal)
      |                                    [01;31m[K^~[m[K
[01m[K/home/harry/ur3e_ws/src/ur3e_ros_action_cpp/src/moveL_action.cpp:85:42:[m[K [01;31m[Kerror: [m[Ktemplate argument 1 is invalid
   85 |         std::shared_ptr<const MoveL::Goal[01;31m[K>[m[K goal)
      |                                          [01;31m[K^[m[K
[01m[K/home/harry/ur3e_ws/src/ur3e_ros_action_cpp/src/moveL_action.cpp:85:36:[m[K [01;31m[Kerror: [m[KISO C++ forbids declaration of â€˜[01m[Ktype name[m[Kâ€™ with no type [[01;31m[K]8;;https://gcc.gnu.org/onlinedocs/gcc/Warning-Options.html#index-fpermissive-fpermissive]8;;[m[K]
   85 |         std::shared_ptr<const MoveL[01;31m[K::[m[KGoal> goal)
      |                                    [01;31m[K^~[m[K
[01m[K/home/harry/ur3e_ws/src/ur3e_ros_action_cpp/src/moveL_action.cpp:85:42:[m[K [01;31m[Kerror: [m[Ktemplate argument 1 is invalid
   85 |         std::shared_ptr<const MoveL::Goal[01;31m[K>[m[K goal)
      |                                          [01;31m[K^[m[K
[01m[K/home/harry/ur3e_ws/src/ur3e_ros_action_cpp/src/moveL_action.cpp:85:9:[m[K [01;31m[Kerror: [m[Kinvalid template-id
   85 |         [01;31m[Kstd[m[K::shared_ptr<const MoveL::Goal> goal)
      |         [01;31m[K^~~[m[K
[01m[K/home/harry/ur3e_ws/src/ur3e_ros_action_cpp/src/moveL_action.cpp:85:36:[m[K [01;31m[Kerror: [m[KISO C++ forbids declaration of â€˜[01m[Ktype name[m[Kâ€™ with no type [[01;31m[K]8;;https://gcc.gnu.org/onlinedocs/gcc/Warning-Options.html#index-fpermissive-fpermissive]8;;[m[K]
   85 |         std::shared_ptr<const MoveL[01;31m[K::[m[KGoal> goal)
      |                                    [01;31m[K^~[m[K
[01m[K/home/harry/ur3e_ws/src/ur3e_ros_action_cpp/src/moveL_action.cpp:85:25:[m[K [01;31m[Kerror: [m[Kexpected primary-expression before â€˜[01m[Kconst[m[Kâ€™
   85 |         std::shared_ptr<[01;31m[Kconst[m[K MoveL::Goal> goal)
      |                         [01;31m[K^~~~~[m[K
[01m[K/home/harry/ur3e_ws/src/ur3e_ros_action_cpp/src/moveL_action.cpp:85:25:[m[K [01;31m[Kerror: [m[Kexpected â€˜[01m[K>[m[Kâ€™ before â€˜[01m[Kconst[m[Kâ€™
[01m[K/home/harry/ur3e_ws/src/ur3e_ros_action_cpp/src/moveL_action.cpp:85:9:[m[K [01;31m[Kerror: [m[Kclass template placeholder â€˜[01m[Kstd::shared_ptr[m[Kâ€™ not permitted in this context
   85 |         [01;31m[Kstd[m[K::shared_ptr<const MoveL::Goal> goal)
      |         [01;31m[K^~~[m[K
[01m[K/home/harry/ur3e_ws/src/ur3e_ros_action_cpp/src/moveL_action.cpp:96:48:[m[K [01;31m[Kerror: [m[Kâ€˜[01m[KGoalHandle[m[Kâ€™ was not declared in this scope
   96 |     void handle_accepted(const std::shared_ptr<[01;31m[KGoalHandle[m[K> goal_handle)
      |                                                [01;31m[K^~~~~~~~~~[m[K
[01m[K/home/harry/ur3e_ws/src/ur3e_ros_action_cpp/src/moveL_action.cpp:96:58:[m[K [01;31m[Kerror: [m[Ktemplate argument 1 is invalid
   96 |     void handle_accepted(const std::shared_ptr<GoalHandle[01;31m[K>[m[K goal_handle)
      |                                                          [01;31m[K^[m[K
[01m[K/home/harry/ur3e_ws/src/ur3e_ros_action_cpp/src/moveL_action.cpp:108:31:[m[K [01;31m[Kerror: [m[Kâ€˜[01m[KGoalHandle[m[Kâ€™ was not declared in this scope
  108 |         const std::shared_ptr<[01;31m[KGoalHandle[m[K> goal_handle)
      |                               [01;31m[K^~~~~~~~~~[m[K
[01m[K/home/harry/ur3e_ws/src/ur3e_ros_action_cpp/src/moveL_action.cpp:108:41:[m[K [01;31m[Kerror: [m[Ktemplate argument 1 is invalid
  108 |         const std::shared_ptr<GoalHandle[01;31m[K>[m[K goal_handle)
      |                                         [01;31m[K^[m[K
[01m[K/home/harry/ur3e_ws/src/ur3e_ros_action_cpp/src/moveL_action.cpp:121:40:[m[K [01;31m[Kerror: [m[Kâ€˜[01m[KGoalHandle[m[Kâ€™ was not declared in this scope
  121 |     void execute(const std::shared_ptr<[01;31m[KGoalHandle[m[K> goal_handle)
      |                                        [01;31m[K^~~~~~~~~~[m[K
[01m[K/home/harry/ur3e_ws/src/ur3e_ros_action_cpp/src/moveL_action.cpp:121:50:[m[K [01;31m[Kerror: [m[Ktemplate argument 1 is invalid
  121 |     void execute(const std::shared_ptr<GoalHandle[01;31m[K>[m[K goal_handle)
      |                                                  [01;31m[K^[m[K
[01m[K/home/harry/ur3e_ws/src/ur3e_ros_action_cpp/src/moveL_action.cpp:[m[K In constructor â€˜[01m[KActionServer::ActionServer(const rclcpp::NodeOptions&)[m[Kâ€™:
[01m[K/home/harry/ur3e_ws/src/ur3e_ros_action_cpp/src/moveL_action.cpp:70:9:[m[K [01;31m[Kerror: [m[Kâ€˜[01m[Kaction_server_[m[Kâ€™ was not declared in this scope; did you mean â€˜[01m[KActionServer[m[Kâ€™?
   70 |         [01;31m[Kaction_server_[m[K = rclcpp_action::create_server<MoveL>(
      |         [01;31m[K^~~~~~~~~~~~~~[m[K
      |         [32m[KActionServer[m[K
[01m[K/home/harry/ur3e_ws/src/ur3e_ros_action_cpp/src/moveL_action.cpp:70:55:[m[K [01;31m[Kerror: [m[Kâ€˜[01m[KMoveL[m[Kâ€™ was not declared in this scope; did you mean â€˜[01m[Kur3e_ros_data::action::MoveL[m[Kâ€™?
   70 |         action_server_ = rclcpp_action::create_server<[01;31m[KMoveL[m[K>(
      |                                                       [01;31m[K^~~~~[m[K
      |                                                       [32m[Kur3e_ros_data::action::MoveL[m[K
In file included from [01m[K/home/harry/ur3e_ws/install/ur3e_ros_data/include/ur3e_ros_data/ur3e_ros_data/action/move_l.hpp:7[m[K,
                 from [01m[K/home/harry/ur3e_ws/src/ur3e_ros_action_cpp/src/moveL_action.cpp:46[m[K:
[01m[K/home/harry/ur3e_ws/install/ur3e_ros_data/include/ur3e_ros_data/ur3e_ros_data/action/detail/move_l__struct.hpp:1372:22:[m[K [01;36m[Knote: [m[Kâ€˜[01m[Kur3e_ros_data::action::MoveL[m[Kâ€™ declared here
 1372 | typedef struct MoveL [01;36m[KMoveL[m[K;
      |                      [01;36m[K^~~~~[m[K
[01m[K/home/harry/ur3e_ws/src/ur3e_ros_action_cpp/src/moveL_action.cpp:70:61:[m[K [01;31m[Kerror: [m[Kno matching function for call to â€˜[01m[Kcreate_server<<expression error> >(ActionServer*, const char [7], std::_Bind_helper<false, rclcpp_action::GoalResponse (ActionServer::*)(...), ActionServer*, const std::_Placeholder<1>&, const std::_Placeholder<2>&>::type, std::_Bind_helper<false, rclcpp_action::CancelResponse (ActionServer::*)(int), ActionServer*, const std::_Placeholder<1>&>::type, std::_Bind_helper<false, void (ActionServer::*)(int), ActionServer*, const std::_Placeholder<1>&>::type)[m[Kâ€™
   70 |         action_server_ = [01;31m[Krclcpp_action::create_server<MoveL>([m[K
      |                          [01;31m[K~~~~~~~~~~~~~~~~~~~~~~~~~~~~~~~~~~~^[m[K
   71 | [01;31m[K            this,[m[K
      |             [01;31m[K~~~~~[m[K                                            
   72 | [01;31m[K            "/MoveL",[m[K
      |             [01;31m[K~~~~~~~~~[m[K                                        
   73 | [01;31m[K            std::bind(&ActionServer::handle_goal, this, std::placeholders::_1, std::placeholders::_2),[m[K
      |             [01;31m[K~~~~~~~~~~~~~~~~~~~~~~~~~~~~~~~~~~~~~~~~~~~~~~~~~~~~~~~~~~~~~~~~~~~~~~~~~~~~~~~~~~~~~~~~~~[m[K
   74 | [01;31m[K            std::bind(&ActionServer::handle_cancel, this, std::placeholders::_1),[m[K
      |             [01;31m[K~~~~~~~~~~~~~~~~~~~~~~~~~~~~~~~~~~~~~~~~~~~~~~~~~~~~~~~~~~~~~~~~~~~~~[m[K
   75 | [01;31m[K            std::bind(&ActionServer::handle_accepted, this, std::placeholders::_1))[m[K;
      |             [01;31m[K~~~~~~~~~~~~~~~~~~~~~~~~~~~~~~~~~~~~~~~~~~~~~~~~~~~~~~~~~~~~~~~~~~~~~~~[m[K
In file included from [01m[K/opt/ros/iron/include/rclcpp_action/rclcpp_action/rclcpp_action.hpp:39[m[K,
                 from [01m[K/home/harry/ur3e_ws/src/ur3e_ros_action_cpp/src/moveL_action.cpp:41[m[K:
[01m[K/opt/ros/iron/include/rclcpp_action/rclcpp_action/create_server.hpp:58:1:[m[K [01;36m[Knote: [m[Kcandidate: â€˜[01m[Ktemplate<class ActionT> typename rclcpp_action::Server<ActionT>::SharedPtr rclcpp_action::create_server(rclcpp::node_interfaces::NodeBaseInterface::SharedPtr, rclcpp::node_interfaces::NodeClockInterface::SharedPtr, rclcpp::node_interfaces::NodeLoggingInterface::SharedPtr, rclcpp::node_interfaces::NodeWaitablesInterface::SharedPtr, const string&, typename rclcpp_action::Server<ActionT>::GoalCallback, typename rclcpp_action::Server<ActionT>::CancelCallback, typename rclcpp_action::Server<ActionT>::AcceptedCallback, const rcl_action_server_options_t&, rclcpp::CallbackGroup::SharedPtr)[m[Kâ€™
   58 | [01;36m[Kcreate_server[m[K(
      | [01;36m[K^~~~~~~~~~~~~[m[K
[01m[K/opt/ros/iron/include/rclcpp_action/rclcpp_action/create_server.hpp:58:1:[m[K [01;36m[Knote: [m[K  template argument deduction/substitution failed:
[01m[K/home/harry/ur3e_ws/src/ur3e_ros_action_cpp/src/moveL_action.cpp:70:61:[m[K [01;31m[Kerror: [m[Ktemplate argument 1 is invalid
   70 |         action_server_ = [01;31m[Krclcpp_action::create_server<MoveL>([m[K
      |                          [01;31m[K~~~~~~~~~~~~~~~~~~~~~~~~~~~~~~~~~~~^[m[K
   71 | [01;31m[K            this,[m[K
      |             [01;31m[K~~~~~[m[K                                            
   72 | [01;31m[K            "/MoveL",[m[K
      |             [01;31m[K~~~~~~~~~[m[K                                        
   73 | [01;31m[K            std::bind(&ActionServer::handle_goal, this, std::placeholders::_1, std::placeholders::_2),[m[K
      |             [01;31m[K~~~~~~~~~~~~~~~~~~~~~~~~~~~~~~~~~~~~~~~~~~~~~~~~~~~~~~~~~~~~~~~~~~~~~~~~~~~~~~~~~~~~~~~~~~[m[K
   74 | [01;31m[K            std::bind(&ActionServer::handle_cancel, this, std::placeholders::_1),[m[K
      |             [01;31m[K~~~~~~~~~~~~~~~~~~~~~~~~~~~~~~~~~~~~~~~~~~~~~~~~~~~~~~~~~~~~~~~~~~~~~[m[K
   75 | [01;31m[K            std::bind(&ActionServer::handle_accepted, this, std::placeholders::_1))[m[K;
      |             [01;31m[K~~~~~~~~~~~~~~~~~~~~~~~~~~~~~~~~~~~~~~~~~~~~~~~~~~~~~~~~~~~~~~~~~~~~~~~[m[K
In file included from [01m[K/opt/ros/iron/include/rclcpp_action/rclcpp_action/rclcpp_action.hpp:39[m[K,
                 from [01m[K/home/harry/ur3e_ws/src/ur3e_ros_action_cpp/src/moveL_action.cpp:41[m[K:
[01m[K/opt/ros/iron/include/rclcpp_action/rclcpp_action/create_server.hpp:132:1:[m[K [01;36m[Knote: [m[Kcandidate: â€˜[01m[Ktemplate<class ActionT, class NodeT> typename rclcpp_action::Server<ActionT>::SharedPtr rclcpp_action::create_server(NodeT, const string&, typename rclcpp_action::Server<ActionT>::GoalCallback, typename rclcpp_action::Server<ActionT>::CancelCallback, typename rclcpp_action::Server<ActionT>::AcceptedCallback, const rcl_action_server_options_t&, rclcpp::CallbackGroup::SharedPtr)[m[Kâ€™
  132 | [01;36m[Kcreate_server[m[K(
      | [01;36m[K^~~~~~~~~~~~~[m[K
[01m[K/opt/ros/iron/include/rclcpp_action/rclcpp_action/create_server.hpp:132:1:[m[K [01;36m[Knote: [m[K  template argument deduction/substitution failed:
[01m[K/home/harry/ur3e_ws/src/ur3e_ros_action_cpp/src/moveL_action.cpp:70:61:[m[K [01;31m[Kerror: [m[Ktemplate argument 1 is invalid
   70 |         action_server_ = [01;31m[Krclcpp_action::create_server<MoveL>([m[K
      |                          [01;31m[K~~~~~~~~~~~~~~~~~~~~~~~~~~~~~~~~~~~^[m[K
   71 | [01;31m[K            this,[m[K
      |             [01;31m[K~~~~~[m[K                                            
   72 | [01;31m[K            "/MoveL",[m[K
      |             [01;31m[K~~~~~~~~~[m[K                                        
   73 | [01;31m[K            std::bind(&ActionServer::handle_goal, this, std::placeholders::_1, std::placeholders::_2),[m[K
      |             [01;31m[K~~~~~~~~~~~~~~~~~~~~~~~~~~~~~~~~~~~~~~~~~~~~~~~~~~~~~~~~~~~~~~~~~~~~~~~~~~~~~~~~~~~~~~~~~~[m[K
   74 | [01;31m[K            std::bind(&ActionServer::handle_cancel, this, std::placeholders::_1),[m[K
      |             [01;31m[K~~~~~~~~~~~~~~~~~~~~~~~~~~~~~~~~~~~~~~~~~~~~~~~~~~~~~~~~~~~~~~~~~~~~~[m[K
   75 | [01;31m[K            std::bind(&ActionServer::handle_accepted, this, std::placeholders::_1))[m[K;
      |             [01;31m[K~~~~~~~~~~~~~~~~~~~~~~~~~~~~~~~~~~~~~~~~~~~~~~~~~~~~~~~~~~~~~~~~~~~~~~~[m[K
[01m[K/home/harry/ur3e_ws/src/ur3e_ros_action_cpp/src/moveL_action.cpp:[m[K In member function â€˜[01m[Krclcpp_action::GoalResponse ActionServer::handle_goal(...)[m[Kâ€™:
[01m[K/home/harry/ur3e_ws/src/ur3e_ros_action_cpp/src/moveL_action.cpp:87:25:[m[K [01;31m[Kerror: [m[Kâ€˜[01m[Kgoal[m[Kâ€™ was not declared in this scope
   87 |         double moveX =  [01;31m[Kgoal[m[K->movex;
      |                         [01;31m[K^~~~[m[K
[01m[K/home/harry/ur3e_ws/src/ur3e_ros_action_cpp/src/moveL_action.cpp:84:41:[m[K [01;35m[Kwarning: [m[Kunused parameter â€˜[01m[Kuuid[m[Kâ€™ [[01;35m[K]8;;https://gcc.gnu.org/onlinedocs/gcc/Warning-Options.html#index-Wunused-parameter-Wunused-parameter]8;;[m[K]
   84 |         [01;35m[Kconst rclcpp_action::GoalUUID & uuid[m[K,
      |         [01;35m[K~~~~~~~~~~~~~~~~~~~~~~~~~~~~~~~~^~~~[m[K
[01m[K/home/harry/ur3e_ws/src/ur3e_ros_action_cpp/src/moveL_action.cpp:[m[K In member function â€˜[01m[Kvoid ActionServer::execute(int)[m[Kâ€™:
[01m[K/home/harry/ur3e_ws/src/ur3e_ros_action_cpp/src/moveL_action.cpp:126:38:[m[K [01;31m[Kerror: [m[Kbase operand of â€˜[01m[K->[m[Kâ€™ is not a pointer
  126 |         const auto goal = goal_handle[01;31m[K->[m[Kget_goal();
      |                                      [01;31m[K^~[m[K
[01m[K/home/harry/ur3e_ws/src/ur3e_ros_action_cpp/src/moveL_action.cpp:141:40:[m[K [01;31m[Kerror: [m[Kâ€˜[01m[KMoveL[m[Kâ€™ was not declared in this scope; did you mean â€˜[01m[Kur3e_ros_data::action::MoveL[m[Kâ€™?
  141 |         auto result = std::make_shared<[01;31m[KMoveL[m[K::Result>();
      |                                        [01;31m[K^~~~~[m[K
      |                                        [32m[Kur3e_ros_data::action::MoveL[m[K
In file included from [01m[K/home/harry/ur3e_ws/install/ur3e_ros_data/include/ur3e_ros_data/ur3e_ros_data/action/move_l.hpp:7[m[K,
                 from [01m[K/home/harry/ur3e_ws/src/ur3e_ros_action_cpp/src/moveL_action.cpp:46[m[K:
[01m[K/home/harry/ur3e_ws/install/ur3e_ros_data/include/ur3e_ros_data/ur3e_ros_data/action/detail/move_l__struct.hpp:1372:22:[m[K [01;36m[Knote: [m[Kâ€˜[01m[Kur3e_ros_data::action::MoveL[m[Kâ€™ declared here
 1372 | typedef struct MoveL [01;36m[KMoveL[m[K;
      |                      [01;36m[K^~~~~[m[K
[01m[K/home/harry/ur3e_ws/src/ur3e_ros_action_cpp/src/moveL_action.cpp:141:28:[m[K [01;31m[Kerror: [m[Kparse error in template argument list
  141 |         auto result = std::[01;31m[Kmake_shared<MoveL::Result>[m[K();
      |                            [01;31m[K^~~~~~~~~~~~~~~~~~~~~~~~~~[m[K
[01m[K/home/harry/ur3e_ws/src/ur3e_ros_action_cpp/src/moveL_action.cpp:141:54:[m[K [01;31m[Kerror: [m[Kno matching function for call to â€˜[01m[Kmake_shared<<expression error> >()[m[Kâ€™
  141 |         auto result = [01;31m[Kstd::make_shared<MoveL::Result>()[m[K;
      |                       [01;31m[K~~~~~~~~~~~~~~~~~~~~~~~~~~~~~~~^~[m[K
In file included from [01m[K/usr/include/c++/11/memory:77[m[K,
                 from [01m[K/home/harry/ur3e_ws/src/ur3e_ros_action_cpp/src/moveL_action.cpp:36[m[K:
[01m[K/usr/include/c++/11/bits/shared_ptr.h:875:5:[m[K [01;36m[Knote: [m[Kcandidate: â€˜[01m[Ktemplate<class _Tp, class ... _Args> std::shared_ptr<_Tp> std::make_shared(_Args&& ...)[m[Kâ€™
  875 |     [01;36m[Kmake_shared[m[K(_Args&&... __args)
      |     [01;36m[K^~~~~~~~~~~[m[K
[01m[K/usr/include/c++/11/bits/shared_ptr.h:875:5:[m[K [01;36m[Knote: [m[K  template argument deduction/substitution failed:
[01m[K/home/harry/ur3e_ws/src/ur3e_ros_action_cpp/src/moveL_action.cpp:141:54:[m[K [01;31m[Kerror: [m[Ktemplate argument 1 is invalid
  141 |         auto result = [01;31m[Kstd::make_shared<MoveL::Result>()[m[K;
      |                       [01;31m[K~~~~~~~~~~~~~~~~~~~~~~~~~~~~~~~^~[m[K
[01m[K/home/harry/ur3e_ws/src/ur3e_ros_action_cpp/src/moveL_action.cpp:199:28:[m[K [01;31m[Kerror: [m[Kbase operand of â€˜[01m[K->[m[Kâ€™ is not a pointer
  199 |             if (goal_handle[01;31m[K->[m[Kis_canceling()) {
      |                            [01;31m[K^~[m[K
[01m[K/home/harry/ur3e_ws/src/ur3e_ros_action_cpp/src/moveL_action.cpp:203:28:[m[K [01;31m[Kerror: [m[Kbase operand of â€˜[01m[K->[m[Kâ€™ is not a pointer
  203 |                 goal_handle[01;31m[K->[m[Kcanceled(result);
      |                            [01;31m[K^~[m[K
[01m[K/home/harry/ur3e_ws/src/ur3e_ros_action_cpp/src/moveL_action.cpp:211:32:[m[K [01;31m[Kerror: [m[Kbase operand of â€˜[01m[K->[m[Kâ€™ is not a pointer
  211 |                     goal_handle[01;31m[K->[m[Ksucceed(result);
      |                                [01;31m[K^~[m[K
[01m[K/home/harry/ur3e_ws/src/ur3e_ros_action_cpp/src/moveL_action.cpp:215:32:[m[K [01;31m[Kerror: [m[Kbase operand of â€˜[01m[K->[m[Kâ€™ is not a pointer
  215 |                     goal_handle[01;31m[K->[m[Ksucceed(result);
      |                                [01;31m[K^~[m[K
[01m[K/home/harry/ur3e_ws/src/ur3e_ros_action_cpp/src/moveL_action.cpp:194:20:[m[K [01;35m[Kwarning: [m[Kunused variable â€˜[01m[Kfraction[m[Kâ€™ [[01;35m[K]8;;https://gcc.gnu.org/onlinedocs/gcc/Warning-Options.html#index-Wunused-variable-Wunused-variable]8;;[m[K]
  194 |             double [01;35m[Kfraction[m[K = move_group_interface.computeCartesianPath(waypoints, eef_step, jump_threshold, trajectory);
      |                    [01;35m[K^~~~~~~~[m[K
[01m[K/home/harry/ur3e_ws/src/ur3e_ros_action_cpp/src/moveL_action.cpp:224:24:[m[K [01;31m[Kerror: [m[Kbase operand of â€˜[01m[K->[m[Kâ€™ is not a pointer
  224 |             goal_handle[01;31m[K->[m[Ksucceed(result);
      |                        [01;31m[K^~[m[K
[01m[K/home/harry/ur3e_ws/src/ur3e_ros_action_cpp/src/moveL_action.cpp:144:46:[m[K [01;35m[Kwarning: [m[Kunused variable â€˜[01m[Kjoint_model_group[m[Kâ€™ [[01;35m[K]8;;https://gcc.gnu.org/onlinedocs/gcc/Warning-Options.html#index-Wunused-variable-Wunused-variable]8;;[m[K]
  144 |         const moveit::core::JointModelGroup* [01;35m[Kjoint_model_group[m[K = move_group_interface.getCurrentState()->getJointModelGroup(my_param);
      |                                              [01;35m[K^~~~~~~~~~~~~~~~~[m[K
gmake[2]: *** [CMakeFiles/moveL_action.dir/build.make:76: CMakeFiles/moveL_action.dir/src/moveL_action.cpp.o] Error 1
gmake[1]: *** [CMakeFiles/Makefile2:165: CMakeFiles/moveL_action.dir/all] Error 2
gmake: *** [Makefile:146: all] Error 2
