[0.010s] Invoking command in '/home/harry/ur3e_ws/build/ur3e_ros_action_cpp': CMAKE_PREFIX_PATH=/home/harry/ur3e_ws/install/ur3e_ros_data:/home/harry/ur3e_ws/install/ur_moveit_config:/home/harry/ur3e_ws/install/ur_description:/home/harry/ur3e_ws/install/ur_dashboard_msgs:/home/harry/ur3e_ws/install/ur3e_ros_action_cpp:/home/harry/ur3e_ws/install/ur3e_moveit:/home/harry/ur3e_ws/install/ur3e_new_moveit_config:/home/harry/ur3e_ws/install/ur3e_moveit_config:/home/harry/ur3e_ws/install/ur3e_gazebo_sim:/home/harry/ur3e_ws/install/ur3e_ros_action:/opt/ros/iron LD_LIBRARY_PATH=/home/harry/ur3e_ws/install/ur3e_ros_data/lib:/home/harry/ur3e_ws/install/ur_dashboard_msgs/lib:/usr/lib/x86_64-linux-gnu/gazebo-11/plugins:/opt/ros/iron/opt/rviz_ogre_vendor/lib:/opt/ros/iron/lib/x86_64-linux-gnu:/opt/ros/iron/lib PYTHONPATH=/home/harry/ur3e_ws/install/ur3e_ros_data/lib/python3.10/site-packages:/home/harry/ur3e_ws/install/ur_moveit_config/lib/python3.10/site-packages:/home/harry/ur3e_ws/install/ur_dashboard_msgs/lib/python3.10/site-packages:/home/harry/ur3e_ws/install/ur3e_ros_action/lib/python3.10/site-packages:/opt/ros/iron/lib/python3.10/site-packages /usr/bin/cmake --build /home/harry/ur3e_ws/build/ur3e_ros_action_cpp -- -j8 -l8
[0.057s] [ 50%] Built target moveJ_action
[0.067s] [ 75%] [32mBuilding CXX object CMakeFiles/moveL_action.dir/src/moveL_action.cpp.o[0m
[3.561s] [01m[K/home/harry/ur3e_ws/src/ur3e_ros_action_cpp/src/moveL_action.cpp:63:19:[m[K [01;31m[Kerror: [m[Kâ€˜[01m[Kros2_data[m[Kâ€™ does not name a type
[3.561s]    63 |     using MoveL = [01;31m[Kros2_data[m[K::action::MoveL;
[3.561s]       |                   [01;31m[K^~~~~~~~~[m[K
[3.562s] [01m[K/home/harry/ur3e_ws/src/ur3e_ros_action_cpp/src/moveL_action.cpp:64:56:[m[K [01;31m[Kerror: [m[Kâ€˜[01m[KMoveL[m[Kâ€™ was not declared in this scope; did you mean â€˜[01m[Kur3e_ros_data::action::MoveL[m[Kâ€™?
[3.562s]    64 |     using GoalHandle = rclcpp_action::ServerGoalHandle<[01;31m[KMoveL[m[K>;
[3.562s]       |                                                        [01;31m[K^~~~~[m[K
[3.562s]       |                                                        [32m[Kur3e_ros_data::action::MoveL[m[K
[3.562s] In file included from [01m[K/home/harry/ur3e_ws/install/ur3e_ros_data/include/ur3e_ros_data/ur3e_ros_data/action/move_l.hpp:7[m[K,
[3.562s]                  from [01m[K/home/harry/ur3e_ws/src/ur3e_ros_action_cpp/src/moveL_action.cpp:46[m[K:
[3.562s] [01m[K/home/harry/ur3e_ws/install/ur3e_ros_data/include/ur3e_ros_data/ur3e_ros_data/action/detail/move_l__struct.hpp:1372:22:[m[K [01;36m[Knote: [m[Kâ€˜[01m[Kur3e_ros_data::action::MoveL[m[Kâ€™ declared here
[3.563s]  1372 | typedef struct MoveL [01;36m[KMoveL[m[K;
[3.563s]       |                      [01;36m[K^~~~~[m[K
[3.563s] [01m[K/home/harry/ur3e_ws/src/ur3e_ros_action_cpp/src/moveL_action.cpp:64:61:[m[K [01;31m[Kerror: [m[Ktemplate argument 1 is invalid
[3.563s]    64 |     using GoalHandle = rclcpp_action::ServerGoalHandle<MoveL[01;31m[K>[m[K;
[3.563s]       |                                                             [01;31m[K^[m[K
[3.563s] [01m[K/home/harry/ur3e_ws/src/ur3e_ros_action_cpp/src/moveL_action.cpp:80:27:[m[K [01;31m[Kerror: [m[Kâ€˜[01m[KMoveL[m[Kâ€™ was not declared in this scope; did you mean â€˜[01m[Kur3e_ros_data::action::MoveL[m[Kâ€™?
[3.563s]    80 |     rclcpp_action::Server<[01;31m[KMoveL[m[K>::SharedPtr action_server_;
[3.563s]       |                           [01;31m[K^~~~~[m[K
[3.563s]       |                           [32m[Kur3e_ros_data::action::MoveL[m[K
[3.563s] In file included from [01m[K/home/harry/ur3e_ws/install/ur3e_ros_data/include/ur3e_ros_data/ur3e_ros_data/action/move_l.hpp:7[m[K,
[3.563s]                  from [01m[K/home/harry/ur3e_ws/src/ur3e_ros_action_cpp/src/moveL_action.cpp:46[m[K:
[3.563s] [01m[K/home/harry/ur3e_ws/install/ur3e_ros_data/include/ur3e_ros_data/ur3e_ros_data/action/detail/move_l__struct.hpp:1372:22:[m[K [01;36m[Knote: [m[Kâ€˜[01m[Kur3e_ros_data::action::MoveL[m[Kâ€™ declared here
[3.563s]  1372 | typedef struct MoveL [01;36m[KMoveL[m[K;
[3.563s]       |                      [01;36m[K^~~~~[m[K
[3.564s] [01m[K/home/harry/ur3e_ws/src/ur3e_ros_action_cpp/src/moveL_action.cpp:80:32:[m[K [01;31m[Kerror: [m[Ktemplate argument 1 is invalid
[3.564s]    80 |     rclcpp_action::Server<MoveL[01;31m[K>[m[K::SharedPtr action_server_;
[3.564s]       |                                [01;31m[K^[m[K
[3.564s] [01m[K/home/harry/ur3e_ws/src/ur3e_ros_action_cpp/src/moveL_action.cpp:80:35:[m[K [01;31m[Kerror: [m[Kexpected â€˜[01m[K;[m[Kâ€™ at end of member declaration
[3.564s]    80 |     rclcpp_action::Server<MoveL>::[01;31m[KSharedPtr[m[K action_server_;
[3.564s]       |                                   [01;31m[K^~~~~~~~~[m[K
[3.564s]       |                                            [32m[K;[m[K
[3.566s] [01m[K/home/harry/ur3e_ws/src/ur3e_ros_action_cpp/src/moveL_action.cpp:80:45:[m[K [01;31m[Kerror: [m[Kâ€˜[01m[Kaction_server_[m[Kâ€™ does not name a type; did you mean â€˜[01m[KActionServer[m[Kâ€™?
[3.566s]    80 |     rclcpp_action::Server<MoveL>::SharedPtr [01;31m[Kaction_server_[m[K;
[3.566s]       |                                             [01;31m[K^~~~~~~~~~~~~~[m[K
[3.566s]       |                                             [32m[KActionServer[m[K
[3.566s] [01m[K/home/harry/ur3e_ws/src/ur3e_ros_action_cpp/src/moveL_action.cpp:85:36:[m[K [01;31m[Kerror: [m[KISO C++ forbids declaration of â€˜[01m[Ktype name[m[Kâ€™ with no type [[01;31m[K]8;;https://gcc.gnu.org/onlinedocs/gcc/Warning-Options.html#index-fpermissive-fpermissive]8;;[m[K]
[3.566s]    85 |         std::shared_ptr<const MoveL[01;31m[K::[m[KGoal> goal)
[3.566s]       |                                    [01;31m[K^~[m[K
[3.566s] [01m[K/home/harry/ur3e_ws/src/ur3e_ros_action_cpp/src/moveL_action.cpp:85:42:[m[K [01;31m[Kerror: [m[Ktemplate argument 1 is invalid
[3.566s]    85 |         std::shared_ptr<const MoveL::Goal[01;31m[K>[m[K goal)
[3.567s]       |                                          [01;31m[K^[m[K
[3.567s] [01m[K/home/harry/ur3e_ws/src/ur3e_ros_action_cpp/src/moveL_action.cpp:85:36:[m[K [01;31m[Kerror: [m[KISO C++ forbids declaration of â€˜[01m[Ktype name[m[Kâ€™ with no type [[01;31m[K]8;;https://gcc.gnu.org/onlinedocs/gcc/Warning-Options.html#index-fpermissive-fpermissive]8;;[m[K]
[3.567s]    85 |         std::shared_ptr<const MoveL[01;31m[K::[m[KGoal> goal)
[3.567s]       |                                    [01;31m[K^~[m[K
[3.567s] [01m[K/home/harry/ur3e_ws/src/ur3e_ros_action_cpp/src/moveL_action.cpp:85:42:[m[K [01;31m[Kerror: [m[Ktemplate argument 1 is invalid
[3.567s]    85 |         std::shared_ptr<const MoveL::Goal[01;31m[K>[m[K goal)
[3.567s]       |                                          [01;31m[K^[m[K
[3.567s] [01m[K/home/harry/ur3e_ws/src/ur3e_ros_action_cpp/src/moveL_action.cpp:85:36:[m[K [01;31m[Kerror: [m[KISO C++ forbids declaration of â€˜[01m[Ktype name[m[Kâ€™ with no type [[01;31m[K]8;;https://gcc.gnu.org/onlinedocs/gcc/Warning-Options.html#index-fpermissive-fpermissive]8;;[m[K]
[3.567s]    85 |         std::shared_ptr<const MoveL[01;31m[K::[m[KGoal> goal)
[3.567s]       |                                    [01;31m[K^~[m[K
[3.567s] [01m[K/home/harry/ur3e_ws/src/ur3e_ros_action_cpp/src/moveL_action.cpp:85:42:[m[K [01;31m[Kerror: [m[Ktemplate argument 1 is invalid
[3.567s]    85 |         std::shared_ptr<const MoveL::Goal[01;31m[K>[m[K goal)
[3.567s]       |                                          [01;31m[K^[m[K
[3.567s] [01m[K/home/harry/ur3e_ws/src/ur3e_ros_action_cpp/src/moveL_action.cpp:85:9:[m[K [01;31m[Kerror: [m[Kinvalid template-id
[3.567s]    85 |         [01;31m[Kstd[m[K::shared_ptr<const MoveL::Goal> goal)
[3.567s]       |         [01;31m[K^~~[m[K
[3.567s] [01m[K/home/harry/ur3e_ws/src/ur3e_ros_action_cpp/src/moveL_action.cpp:85:36:[m[K [01;31m[Kerror: [m[KISO C++ forbids declaration of â€˜[01m[Ktype name[m[Kâ€™ with no type [[01;31m[K]8;;https://gcc.gnu.org/onlinedocs/gcc/Warning-Options.html#index-fpermissive-fpermissive]8;;[m[K]
[3.568s]    85 |         std::shared_ptr<const MoveL[01;31m[K::[m[KGoal> goal)
[3.568s]       |                                    [01;31m[K^~[m[K
[3.568s] [01m[K/home/harry/ur3e_ws/src/ur3e_ros_action_cpp/src/moveL_action.cpp:85:25:[m[K [01;31m[Kerror: [m[Kexpected primary-expression before â€˜[01m[Kconst[m[Kâ€™
[3.568s]    85 |         std::shared_ptr<[01;31m[Kconst[m[K MoveL::Goal> goal)
[3.568s]       |                         [01;31m[K^~~~~[m[K
[3.568s] [01m[K/home/harry/ur3e_ws/src/ur3e_ros_action_cpp/src/moveL_action.cpp:85:25:[m[K [01;31m[Kerror: [m[Kexpected â€˜[01m[K>[m[Kâ€™ before â€˜[01m[Kconst[m[Kâ€™
[3.568s] [01m[K/home/harry/ur3e_ws/src/ur3e_ros_action_cpp/src/moveL_action.cpp:85:9:[m[K [01;31m[Kerror: [m[Kclass template placeholder â€˜[01m[Kstd::shared_ptr[m[Kâ€™ not permitted in this context
[3.568s]    85 |         [01;31m[Kstd[m[K::shared_ptr<const MoveL::Goal> goal)
[3.568s]       |         [01;31m[K^~~[m[K
[3.573s] [01m[K/home/harry/ur3e_ws/src/ur3e_ros_action_cpp/src/moveL_action.cpp:96:48:[m[K [01;31m[Kerror: [m[Kâ€˜[01m[KGoalHandle[m[Kâ€™ was not declared in this scope
[3.573s]    96 |     void handle_accepted(const std::shared_ptr<[01;31m[KGoalHandle[m[K> goal_handle)
[3.573s]       |                                                [01;31m[K^~~~~~~~~~[m[K
[3.573s] [01m[K/home/harry/ur3e_ws/src/ur3e_ros_action_cpp/src/moveL_action.cpp:96:58:[m[K [01;31m[Kerror: [m[Ktemplate argument 1 is invalid
[3.573s]    96 |     void handle_accepted(const std::shared_ptr<GoalHandle[01;31m[K>[m[K goal_handle)
[3.573s]       |                                                          [01;31m[K^[m[K
[3.579s] [01m[K/home/harry/ur3e_ws/src/ur3e_ros_action_cpp/src/moveL_action.cpp:108:31:[m[K [01;31m[Kerror: [m[Kâ€˜[01m[KGoalHandle[m[Kâ€™ was not declared in this scope
[3.579s]   108 |         const std::shared_ptr<[01;31m[KGoalHandle[m[K> goal_handle)
[3.579s]       |                               [01;31m[K^~~~~~~~~~[m[K
[3.580s] [01m[K/home/harry/ur3e_ws/src/ur3e_ros_action_cpp/src/moveL_action.cpp:108:41:[m[K [01;31m[Kerror: [m[Ktemplate argument 1 is invalid
[3.580s]   108 |         const std::shared_ptr<GoalHandle[01;31m[K>[m[K goal_handle)
[3.580s]       |                                         [01;31m[K^[m[K
[3.586s] [01m[K/home/harry/ur3e_ws/src/ur3e_ros_action_cpp/src/moveL_action.cpp:121:40:[m[K [01;31m[Kerror: [m[Kâ€˜[01m[KGoalHandle[m[Kâ€™ was not declared in this scope
[3.586s]   121 |     void execute(const std::shared_ptr<[01;31m[KGoalHandle[m[K> goal_handle)
[3.586s]       |                                        [01;31m[K^~~~~~~~~~[m[K
[3.586s] [01m[K/home/harry/ur3e_ws/src/ur3e_ros_action_cpp/src/moveL_action.cpp:121:50:[m[K [01;31m[Kerror: [m[Ktemplate argument 1 is invalid
[3.586s]   121 |     void execute(const std::shared_ptr<GoalHandle[01;31m[K>[m[K goal_handle)
[3.586s]       |                                                  [01;31m[K^[m[K
[3.593s] [01m[K/home/harry/ur3e_ws/src/ur3e_ros_action_cpp/src/moveL_action.cpp:[m[K In constructor â€˜[01m[KActionServer::ActionServer(const rclcpp::NodeOptions&)[m[Kâ€™:
[3.593s] [01m[K/home/harry/ur3e_ws/src/ur3e_ros_action_cpp/src/moveL_action.cpp:70:9:[m[K [01;31m[Kerror: [m[Kâ€˜[01m[Kaction_server_[m[Kâ€™ was not declared in this scope; did you mean â€˜[01m[KActionServer[m[Kâ€™?
[3.593s]    70 |         [01;31m[Kaction_server_[m[K = rclcpp_action::create_server<MoveL>(
[3.593s]       |         [01;31m[K^~~~~~~~~~~~~~[m[K
[3.593s]       |         [32m[KActionServer[m[K
[3.593s] [01m[K/home/harry/ur3e_ws/src/ur3e_ros_action_cpp/src/moveL_action.cpp:70:55:[m[K [01;31m[Kerror: [m[Kâ€˜[01m[KMoveL[m[Kâ€™ was not declared in this scope; did you mean â€˜[01m[Kur3e_ros_data::action::MoveL[m[Kâ€™?
[3.593s]    70 |         action_server_ = rclcpp_action::create_server<[01;31m[KMoveL[m[K>(
[3.593s]       |                                                       [01;31m[K^~~~~[m[K
[3.593s]       |                                                       [32m[Kur3e_ros_data::action::MoveL[m[K
[3.593s] In file included from [01m[K/home/harry/ur3e_ws/install/ur3e_ros_data/include/ur3e_ros_data/ur3e_ros_data/action/move_l.hpp:7[m[K,
[3.593s]                  from [01m[K/home/harry/ur3e_ws/src/ur3e_ros_action_cpp/src/moveL_action.cpp:46[m[K:
[3.593s] [01m[K/home/harry/ur3e_ws/install/ur3e_ros_data/include/ur3e_ros_data/ur3e_ros_data/action/detail/move_l__struct.hpp:1372:22:[m[K [01;36m[Knote: [m[Kâ€˜[01m[Kur3e_ros_data::action::MoveL[m[Kâ€™ declared here
[3.593s]  1372 | typedef struct MoveL [01;36m[KMoveL[m[K;
[3.594s]       |                      [01;36m[K^~~~~[m[K
[3.601s] [01m[K/home/harry/ur3e_ws/src/ur3e_ros_action_cpp/src/moveL_action.cpp:70:61:[m[K [01;31m[Kerror: [m[Kno matching function for call to â€˜[01m[Kcreate_server<<expression error> >(ActionServer*, const char [7], std::_Bind_helper<false, rclcpp_action::GoalResponse (ActionServer::*)(...), ActionServer*, const std::_Placeholder<1>&, const std::_Placeholder<2>&>::type, std::_Bind_helper<false, rclcpp_action::CancelResponse (ActionServer::*)(int), ActionServer*, const std::_Placeholder<1>&>::type, std::_Bind_helper<false, void (ActionServer::*)(int), ActionServer*, const std::_Placeholder<1>&>::type)[m[Kâ€™
[3.601s]    70 |         action_server_ = [01;31m[Krclcpp_action::create_server<MoveL>([m[K
[3.601s]       |                          [01;31m[K~~~~~~~~~~~~~~~~~~~~~~~~~~~~~~~~~~~^[m[K
[3.601s]    71 | [01;31m[K            this,[m[K
[3.601s]       |             [01;31m[K~~~~~[m[K                                            
[3.601s]    72 | [01;31m[K            "/MoveL",[m[K
[3.601s]       |             [01;31m[K~~~~~~~~~[m[K                                        
[3.601s]    73 | [01;31m[K            std::bind(&ActionServer::handle_goal, this, std::placeholders::_1, std::placeholders::_2),[m[K
[3.602s]       |             [01;31m[K~~~~~~~~~~~~~~~~~~~~~~~~~~~~~~~~~~~~~~~~~~~~~~~~~~~~~~~~~~~~~~~~~~~~~~~~~~~~~~~~~~~~~~~~~~[m[K
[3.602s]    74 | [01;31m[K            std::bind(&ActionServer::handle_cancel, this, std::placeholders::_1),[m[K
[3.602s]       |             [01;31m[K~~~~~~~~~~~~~~~~~~~~~~~~~~~~~~~~~~~~~~~~~~~~~~~~~~~~~~~~~~~~~~~~~~~~~[m[K
[3.602s]    75 | [01;31m[K            std::bind(&ActionServer::handle_accepted, this, std::placeholders::_1))[m[K;
[3.602s]       |             [01;31m[K~~~~~~~~~~~~~~~~~~~~~~~~~~~~~~~~~~~~~~~~~~~~~~~~~~~~~~~~~~~~~~~~~~~~~~~[m[K
[3.602s] In file included from [01m[K/opt/ros/iron/include/rclcpp_action/rclcpp_action/rclcpp_action.hpp:39[m[K,
[3.602s]                  from [01m[K/home/harry/ur3e_ws/src/ur3e_ros_action_cpp/src/moveL_action.cpp:41[m[K:
[3.602s] [01m[K/opt/ros/iron/include/rclcpp_action/rclcpp_action/create_server.hpp:58:1:[m[K [01;36m[Knote: [m[Kcandidate: â€˜[01m[Ktemplate<class ActionT> typename rclcpp_action::Server<ActionT>::SharedPtr rclcpp_action::create_server(rclcpp::node_interfaces::NodeBaseInterface::SharedPtr, rclcpp::node_interfaces::NodeClockInterface::SharedPtr, rclcpp::node_interfaces::NodeLoggingInterface::SharedPtr, rclcpp::node_interfaces::NodeWaitablesInterface::SharedPtr, const string&, typename rclcpp_action::Server<ActionT>::GoalCallback, typename rclcpp_action::Server<ActionT>::CancelCallback, typename rclcpp_action::Server<ActionT>::AcceptedCallback, const rcl_action_server_options_t&, rclcpp::CallbackGroup::SharedPtr)[m[Kâ€™
[3.602s]    58 | [01;36m[Kcreate_server[m[K(
[3.602s]       | [01;36m[K^~~~~~~~~~~~~[m[K
[3.602s] [01m[K/opt/ros/iron/include/rclcpp_action/rclcpp_action/create_server.hpp:58:1:[m[K [01;36m[Knote: [m[K  template argument deduction/substitution failed:
[3.602s] [01m[K/home/harry/ur3e_ws/src/ur3e_ros_action_cpp/src/moveL_action.cpp:70:61:[m[K [01;31m[Kerror: [m[Ktemplate argument 1 is invalid
[3.602s]    70 |         action_server_ = [01;31m[Krclcpp_action::create_server<MoveL>([m[K
[3.602s]       |                          [01;31m[K~~~~~~~~~~~~~~~~~~~~~~~~~~~~~~~~~~~^[m[K
[3.602s]    71 | [01;31m[K            this,[m[K
[3.602s]       |             [01;31m[K~~~~~[m[K                                            
[3.602s]    72 | [01;31m[K            "/MoveL",[m[K
[3.603s]       |             [01;31m[K~~~~~~~~~[m[K                                        
[3.603s]    73 | [01;31m[K            std::bind(&ActionServer::handle_goal, this, std::placeholders::_1, std::placeholders::_2),[m[K
[3.603s]       |             [01;31m[K~~~~~~~~~~~~~~~~~~~~~~~~~~~~~~~~~~~~~~~~~~~~~~~~~~~~~~~~~~~~~~~~~~~~~~~~~~~~~~~~~~~~~~~~~~[m[K
[3.603s]    74 | [01;31m[K            std::bind(&ActionServer::handle_cancel, this, std::placeholders::_1),[m[K
[3.603s]       |             [01;31m[K~~~~~~~~~~~~~~~~~~~~~~~~~~~~~~~~~~~~~~~~~~~~~~~~~~~~~~~~~~~~~~~~~~~~~[m[K
[3.603s]    75 | [01;31m[K            std::bind(&ActionServer::handle_accepted, this, std::placeholders::_1))[m[K;
[3.603s]       |             [01;31m[K~~~~~~~~~~~~~~~~~~~~~~~~~~~~~~~~~~~~~~~~~~~~~~~~~~~~~~~~~~~~~~~~~~~~~~~[m[K
[3.603s] In file included from [01m[K/opt/ros/iron/include/rclcpp_action/rclcpp_action/rclcpp_action.hpp:39[m[K,
[3.603s]                  from [01m[K/home/harry/ur3e_ws/src/ur3e_ros_action_cpp/src/moveL_action.cpp:41[m[K:
[3.603s] [01m[K/opt/ros/iron/include/rclcpp_action/rclcpp_action/create_server.hpp:132:1:[m[K [01;36m[Knote: [m[Kcandidate: â€˜[01m[Ktemplate<class ActionT, class NodeT> typename rclcpp_action::Server<ActionT>::SharedPtr rclcpp_action::create_server(NodeT, const string&, typename rclcpp_action::Server<ActionT>::GoalCallback, typename rclcpp_action::Server<ActionT>::CancelCallback, typename rclcpp_action::Server<ActionT>::AcceptedCallback, const rcl_action_server_options_t&, rclcpp::CallbackGroup::SharedPtr)[m[Kâ€™
[3.603s]   132 | [01;36m[Kcreate_server[m[K(
[3.603s]       | [01;36m[K^~~~~~~~~~~~~[m[K
[3.603s] [01m[K/opt/ros/iron/include/rclcpp_action/rclcpp_action/create_server.hpp:132:1:[m[K [01;36m[Knote: [m[K  template argument deduction/substitution failed:
[3.603s] [01m[K/home/harry/ur3e_ws/src/ur3e_ros_action_cpp/src/moveL_action.cpp:70:61:[m[K [01;31m[Kerror: [m[Ktemplate argument 1 is invalid
[3.603s]    70 |         action_server_ = [01;31m[Krclcpp_action::create_server<MoveL>([m[K
[3.603s]       |                          [01;31m[K~~~~~~~~~~~~~~~~~~~~~~~~~~~~~~~~~~~^[m[K
[3.603s]    71 | [01;31m[K            this,[m[K
[3.603s]       |             [01;31m[K~~~~~[m[K                                            
[3.603s]    72 | [01;31m[K            "/MoveL",[m[K
[3.603s]       |             [01;31m[K~~~~~~~~~[m[K                                        
[3.604s]    73 | [01;31m[K            std::bind(&ActionServer::handle_goal, this, std::placeholders::_1, std::placeholders::_2),[m[K
[3.604s]       |             [01;31m[K~~~~~~~~~~~~~~~~~~~~~~~~~~~~~~~~~~~~~~~~~~~~~~~~~~~~~~~~~~~~~~~~~~~~~~~~~~~~~~~~~~~~~~~~~~[m[K
[3.604s]    74 | [01;31m[K            std::bind(&ActionServer::handle_cancel, this, std::placeholders::_1),[m[K
[3.604s]       |             [01;31m[K~~~~~~~~~~~~~~~~~~~~~~~~~~~~~~~~~~~~~~~~~~~~~~~~~~~~~~~~~~~~~~~~~~~~~[m[K
[3.604s]    75 | [01;31m[K            std::bind(&ActionServer::handle_accepted, this, std::placeholders::_1))[m[K;
[3.604s]       |             [01;31m[K~~~~~~~~~~~~~~~~~~~~~~~~~~~~~~~~~~~~~~~~~~~~~~~~~~~~~~~~~~~~~~~~~~~~~~~[m[K
[3.606s] [01m[K/home/harry/ur3e_ws/src/ur3e_ros_action_cpp/src/moveL_action.cpp:[m[K In member function â€˜[01m[Krclcpp_action::GoalResponse ActionServer::handle_goal(...)[m[Kâ€™:
[3.607s] [01m[K/home/harry/ur3e_ws/src/ur3e_ros_action_cpp/src/moveL_action.cpp:87:25:[m[K [01;31m[Kerror: [m[Kâ€˜[01m[Kgoal[m[Kâ€™ was not declared in this scope
[3.607s]    87 |         double moveX =  [01;31m[Kgoal[m[K->movex;
[3.607s]       |                         [01;31m[K^~~~[m[K
[3.607s] [01m[K/home/harry/ur3e_ws/src/ur3e_ros_action_cpp/src/moveL_action.cpp:84:41:[m[K [01;35m[Kwarning: [m[Kunused parameter â€˜[01m[Kuuid[m[Kâ€™ [[01;35m[K]8;;https://gcc.gnu.org/onlinedocs/gcc/Warning-Options.html#index-Wunused-parameter-Wunused-parameter]8;;[m[K]
[3.607s]    84 |         [01;35m[Kconst rclcpp_action::GoalUUID & uuid[m[K,
[3.607s]       |         [01;35m[K~~~~~~~~~~~~~~~~~~~~~~~~~~~~~~~~^~~~[m[K
[3.608s] [01m[K/home/harry/ur3e_ws/src/ur3e_ros_action_cpp/src/moveL_action.cpp:[m[K In member function â€˜[01m[Kvoid ActionServer::execute(int)[m[Kâ€™:
[3.608s] [01m[K/home/harry/ur3e_ws/src/ur3e_ros_action_cpp/src/moveL_action.cpp:126:38:[m[K [01;31m[Kerror: [m[Kbase operand of â€˜[01m[K->[m[Kâ€™ is not a pointer
[3.608s]   126 |         const auto goal = goal_handle[01;31m[K->[m[Kget_goal();
[3.608s]       |                                      [01;31m[K^~[m[K
[3.608s] [01m[K/home/harry/ur3e_ws/src/ur3e_ros_action_cpp/src/moveL_action.cpp:141:40:[m[K [01;31m[Kerror: [m[Kâ€˜[01m[KMoveL[m[Kâ€™ was not declared in this scope; did you mean â€˜[01m[Kur3e_ros_data::action::MoveL[m[Kâ€™?
[3.609s]   141 |         auto result = std::make_shared<[01;31m[KMoveL[m[K::Result>();
[3.609s]       |                                        [01;31m[K^~~~~[m[K
[3.609s]       |                                        [32m[Kur3e_ros_data::action::MoveL[m[K
[3.609s] In file included from [01m[K/home/harry/ur3e_ws/install/ur3e_ros_data/include/ur3e_ros_data/ur3e_ros_data/action/move_l.hpp:7[m[K,
[3.609s]                  from [01m[K/home/harry/ur3e_ws/src/ur3e_ros_action_cpp/src/moveL_action.cpp:46[m[K:
[3.609s] [01m[K/home/harry/ur3e_ws/install/ur3e_ros_data/include/ur3e_ros_data/ur3e_ros_data/action/detail/move_l__struct.hpp:1372:22:[m[K [01;36m[Knote: [m[Kâ€˜[01m[Kur3e_ros_data::action::MoveL[m[Kâ€™ declared here
[3.609s]  1372 | typedef struct MoveL [01;36m[KMoveL[m[K;
[3.609s]       |                      [01;36m[K^~~~~[m[K
[3.609s] [01m[K/home/harry/ur3e_ws/src/ur3e_ros_action_cpp/src/moveL_action.cpp:141:28:[m[K [01;31m[Kerror: [m[Kparse error in template argument list
[3.609s]   141 |         auto result = std::[01;31m[Kmake_shared<MoveL::Result>[m[K();
[3.609s]       |                            [01;31m[K^~~~~~~~~~~~~~~~~~~~~~~~~~[m[K
[3.609s] [01m[K/home/harry/ur3e_ws/src/ur3e_ros_action_cpp/src/moveL_action.cpp:141:54:[m[K [01;31m[Kerror: [m[Kno matching function for call to â€˜[01m[Kmake_shared<<expression error> >()[m[Kâ€™
[3.609s]   141 |         auto result = [01;31m[Kstd::make_shared<MoveL::Result>()[m[K;
[3.609s]       |                       [01;31m[K~~~~~~~~~~~~~~~~~~~~~~~~~~~~~~~^~[m[K
[3.609s] In file included from [01m[K/usr/include/c++/11/memory:77[m[K,
[3.609s]                  from [01m[K/home/harry/ur3e_ws/src/ur3e_ros_action_cpp/src/moveL_action.cpp:36[m[K:
[3.610s] [01m[K/usr/include/c++/11/bits/shared_ptr.h:875:5:[m[K [01;36m[Knote: [m[Kcandidate: â€˜[01m[Ktemplate<class _Tp, class ... _Args> std::shared_ptr<_Tp> std::make_shared(_Args&& ...)[m[Kâ€™
[3.610s]   875 |     [01;36m[Kmake_shared[m[K(_Args&&... __args)
[3.610s]       |     [01;36m[K^~~~~~~~~~~[m[K
[3.610s] [01m[K/usr/include/c++/11/bits/shared_ptr.h:875:5:[m[K [01;36m[Knote: [m[K  template argument deduction/substitution failed:
[3.610s] [01m[K/home/harry/ur3e_ws/src/ur3e_ros_action_cpp/src/moveL_action.cpp:141:54:[m[K [01;31m[Kerror: [m[Ktemplate argument 1 is invalid
[3.610s]   141 |         auto result = [01;31m[Kstd::make_shared<MoveL::Result>()[m[K;
[3.610s]       |                       [01;31m[K~~~~~~~~~~~~~~~~~~~~~~~~~~~~~~~^~[m[K
[3.612s] [01m[K/home/harry/ur3e_ws/src/ur3e_ros_action_cpp/src/moveL_action.cpp:199:28:[m[K [01;31m[Kerror: [m[Kbase operand of â€˜[01m[K->[m[Kâ€™ is not a pointer
[3.612s]   199 |             if (goal_handle[01;31m[K->[m[Kis_canceling()) {
[3.612s]       |                            [01;31m[K^~[m[K
[3.612s] [01m[K/home/harry/ur3e_ws/src/ur3e_ros_action_cpp/src/moveL_action.cpp:203:28:[m[K [01;31m[Kerror: [m[Kbase operand of â€˜[01m[K->[m[Kâ€™ is not a pointer
[3.612s]   203 |                 goal_handle[01;31m[K->[m[Kcanceled(result);
[3.612s]       |                            [01;31m[K^~[m[K
[3.612s] [01m[K/home/harry/ur3e_ws/src/ur3e_ros_action_cpp/src/moveL_action.cpp:211:32:[m[K [01;31m[Kerror: [m[Kbase operand of â€˜[01m[K->[m[Kâ€™ is not a pointer
[3.612s]   211 |                     goal_handle[01;31m[K->[m[Ksucceed(result);
[3.612s]       |                                [01;31m[K^~[m[K
[3.612s] [01m[K/home/harry/ur3e_ws/src/ur3e_ros_action_cpp/src/moveL_action.cpp:215:32:[m[K [01;31m[Kerror: [m[Kbase operand of â€˜[01m[K->[m[Kâ€™ is not a pointer
[3.612s]   215 |                     goal_handle[01;31m[K->[m[Ksucceed(result);
[3.612s]       |                                [01;31m[K^~[m[K
[3.612s] [01m[K/home/harry/ur3e_ws/src/ur3e_ros_action_cpp/src/moveL_action.cpp:194:20:[m[K [01;35m[Kwarning: [m[Kunused variable â€˜[01m[Kfraction[m[Kâ€™ [[01;35m[K]8;;https://gcc.gnu.org/onlinedocs/gcc/Warning-Options.html#index-Wunused-variable-Wunused-variable]8;;[m[K]
[3.612s]   194 |             double [01;35m[Kfraction[m[K = move_group_interface.computeCartesianPath(waypoints, eef_step, jump_threshold, trajectory);
[3.613s]       |                    [01;35m[K^~~~~~~~[m[K
[3.613s] [01m[K/home/harry/ur3e_ws/src/ur3e_ros_action_cpp/src/moveL_action.cpp:224:24:[m[K [01;31m[Kerror: [m[Kbase operand of â€˜[01m[K->[m[Kâ€™ is not a pointer
[3.613s]   224 |             goal_handle[01;31m[K->[m[Ksucceed(result);
[3.613s]       |                        [01;31m[K^~[m[K
[3.613s] [01m[K/home/harry/ur3e_ws/src/ur3e_ros_action_cpp/src/moveL_action.cpp:144:46:[m[K [01;35m[Kwarning: [m[Kunused variable â€˜[01m[Kjoint_model_group[m[Kâ€™ [[01;35m[K]8;;https://gcc.gnu.org/onlinedocs/gcc/Warning-Options.html#index-Wunused-variable-Wunused-variable]8;;[m[K]
[3.613s]   144 |         const moveit::core::JointModelGroup* [01;35m[Kjoint_model_group[m[K = move_group_interface.getCurrentState()->getJointModelGroup(my_param);
[3.613s]       |                                              [01;35m[K^~~~~~~~~~~~~~~~~[m[K
[5.432s] gmake[2]: *** [CMakeFiles/moveL_action.dir/build.make:76: CMakeFiles/moveL_action.dir/src/moveL_action.cpp.o] Error 1
[5.432s] gmake[1]: *** [CMakeFiles/Makefile2:165: CMakeFiles/moveL_action.dir/all] Error 2
[5.432s] gmake: *** [Makefile:146: all] Error 2
[5.434s] Invoked command in '/home/harry/ur3e_ws/build/ur3e_ros_action_cpp' returned '2': CMAKE_PREFIX_PATH=/home/harry/ur3e_ws/install/ur3e_ros_data:/home/harry/ur3e_ws/install/ur_moveit_config:/home/harry/ur3e_ws/install/ur_description:/home/harry/ur3e_ws/install/ur_dashboard_msgs:/home/harry/ur3e_ws/install/ur3e_ros_action_cpp:/home/harry/ur3e_ws/install/ur3e_moveit:/home/harry/ur3e_ws/install/ur3e_new_moveit_config:/home/harry/ur3e_ws/install/ur3e_moveit_config:/home/harry/ur3e_ws/install/ur3e_gazebo_sim:/home/harry/ur3e_ws/install/ur3e_ros_action:/opt/ros/iron LD_LIBRARY_PATH=/home/harry/ur3e_ws/install/ur3e_ros_data/lib:/home/harry/ur3e_ws/install/ur_dashboard_msgs/lib:/usr/lib/x86_64-linux-gnu/gazebo-11/plugins:/opt/ros/iron/opt/rviz_ogre_vendor/lib:/opt/ros/iron/lib/x86_64-linux-gnu:/opt/ros/iron/lib PYTHONPATH=/home/harry/ur3e_ws/install/ur3e_ros_data/lib/python3.10/site-packages:/home/harry/ur3e_ws/install/ur_moveit_config/lib/python3.10/site-packages:/home/harry/ur3e_ws/install/ur_dashboard_msgs/lib/python3.10/site-packages:/home/harry/ur3e_ws/install/ur3e_ros_action/lib/python3.10/site-packages:/opt/ros/iron/lib/python3.10/site-packages /usr/bin/cmake --build /home/harry/ur3e_ws/build/ur3e_ros_action_cpp -- -j8 -l8
