[0.011s] Invoking command in '/home/harry/ur3e_ws/build/ur3e_ros_action_cpp': CMAKE_PREFIX_PATH=/home/harry/ur3e_ws/install/ur3e_ros_data:/home/harry/ur3e_ws/install/ur_moveit_config:/home/harry/ur3e_ws/install/ur_description:/home/harry/ur3e_ws/install/ur_dashboard_msgs:/home/harry/ur3e_ws/install/ur3e_ros_action_cpp:/home/harry/ur3e_ws/install/ur3e_moveit:/home/harry/ur3e_ws/install/ur3e_new_moveit_config:/home/harry/ur3e_ws/install/ur3e_moveit_config:/home/harry/ur3e_ws/install/ur3e_gazebo_sim:/home/harry/ur3e_ws/install/ur3e_ros_action:/opt/ros/iron LD_LIBRARY_PATH=/home/harry/ur3e_ws/install/ur3e_ros_data/lib:/home/harry/ur3e_ws/install/ur_dashboard_msgs/lib:/usr/lib/x86_64-linux-gnu/gazebo-11/plugins:/opt/ros/iron/opt/rviz_ogre_vendor/lib:/opt/ros/iron/lib/x86_64-linux-gnu:/opt/ros/iron/lib PYTHONPATH=/home/harry/ur3e_ws/install/ur3e_ros_data/lib/python3.10/site-packages:/home/harry/ur3e_ws/install/ur_moveit_config/lib/python3.10/site-packages:/home/harry/ur3e_ws/install/ur_dashboard_msgs/lib/python3.10/site-packages:/home/harry/ur3e_ws/install/ur3e_ros_action/lib/python3.10/site-packages:/opt/ros/iron/lib/python3.10/site-packages /usr/bin/cmake --build /home/harry/ur3e_ws/build/ur3e_ros_action_cpp -- -j8 -l8
[0.043s] [35m[1mConsolidate compiler generated dependencies of target moveXYZ_action[0m
[0.043s] [35m[1mConsolidate compiler generated dependencies of target moveXYZW_action[0m
[0.048s] [35m[1mConsolidate compiler generated dependencies of target moveL_action[0m
[0.048s] [35m[1mConsolidate compiler generated dependencies of target moveJ_action[0m
[0.053s] [ 12%] [32mBuilding CXX object CMakeFiles/moveXYZW_action.dir/src/moveXYZW_action.cpp.o[0m
[0.054s] [ 25%] [32mBuilding CXX object CMakeFiles/moveXYZ_action.dir/src/moveXYZ_action.cpp.o[0m
[0.075s] [ 50%] Built target moveL_action
[0.077s] [ 75%] Built target moveJ_action
[4.078s] [01m[K/home/harry/ur3e_ws/src/ur3e_ros_action_cpp/src/moveXYZW_action.cpp:[m[K In member function â€˜[01m[Krclcpp_action::GoalResponse MoveXYZW_ActionServer::handle_goal(const GoalUUID&, std::shared_ptr<const ur3e_ros_data::action::MoveXYZW_Goal_<std::allocator<void> > >)[m[Kâ€™:
[4.078s] [01m[K/home/harry/ur3e_ws/src/ur3e_ros_action_cpp/src/moveXYZW_action.cpp:59:31:[m[K [01;31m[Kerror: [m[Kâ€˜[01m[Kusing element_type = const struct ur3e_ros_data::action::MoveXYZW_Goal_<std::allocator<void> >[m[Kâ€™ {aka â€˜[01m[Kconst struct ur3e_ros_data::action::MoveXYZW_Goal_<std::allocator<void> >[m[Kâ€™} has no member named â€˜[01m[Kgoal[m[Kâ€™
[4.078s]    59 |             JointGoal = goal->[01;31m[Kgoal[m[K;
[4.078s]       |                               [01;31m[K^~~~[m[K
[4.080s] [01m[K/home/harry/ur3e_ws/src/ur3e_ros_action_cpp/src/moveXYZW_action.cpp:[m[K In member function â€˜[01m[Kvoid MoveXYZW_ActionServer::execute(std::shared_ptr<rclcpp_action::ServerGoalHandle<ur3e_ros_data::action::MoveXYZW> >)[m[Kâ€™:
[4.080s] [01m[K/home/harry/ur3e_ws/src/ur3e_ros_action_cpp/src/moveXYZW_action.cpp:89:36:[m[K [01;31m[Kerror: [m[Kâ€˜[01m[Kusing element_type = const struct ur3e_ros_data::action::MoveXYZW_Goal_<std::allocator<void> >[m[Kâ€™ {aka â€˜[01m[Kconst struct ur3e_ros_data::action::MoveXYZW_Goal_<std::allocator<void> >[m[Kâ€™} has no member named â€˜[01m[Kgoal[m[Kâ€™
[4.081s]    89 |             auto JointGoal = goal->[01;31m[Kgoal[m[K;
[4.081s]       |                                    [01;31m[K^~~~[m[K
[4.148s] [01m[K/home/harry/ur3e_ws/src/ur3e_ros_action_cpp/src/moveXYZ_action.cpp:[m[K In member function â€˜[01m[Krclcpp_action::GoalResponse MoveXYZW_ActionServer::handle_goal(const GoalUUID&, std::shared_ptr<const ur3e_ros_data::action::MoveXYZW_Goal_<std::allocator<void> > >)[m[Kâ€™:
[4.148s] [01m[K/home/harry/ur3e_ws/src/ur3e_ros_action_cpp/src/moveXYZ_action.cpp:59:31:[m[K [01;31m[Kerror: [m[Kâ€˜[01m[Kusing element_type = const struct ur3e_ros_data::action::MoveXYZW_Goal_<std::allocator<void> >[m[Kâ€™ {aka â€˜[01m[Kconst struct ur3e_ros_data::action::MoveXYZW_Goal_<std::allocator<void> >[m[Kâ€™} has no member named â€˜[01m[Kgoal[m[Kâ€™
[4.148s]    59 |             JointGoal = goal->[01;31m[Kgoal[m[K;
[4.148s]       |                               [01;31m[K^~~~[m[K
[4.151s] [01m[K/home/harry/ur3e_ws/src/ur3e_ros_action_cpp/src/moveXYZ_action.cpp:[m[K In member function â€˜[01m[Kvoid MoveXYZW_ActionServer::execute(std::shared_ptr<rclcpp_action::ServerGoalHandle<ur3e_ros_data::action::MoveXYZW> >)[m[Kâ€™:
[4.151s] [01m[K/home/harry/ur3e_ws/src/ur3e_ros_action_cpp/src/moveXYZ_action.cpp:89:36:[m[K [01;31m[Kerror: [m[Kâ€˜[01m[Kusing element_type = const struct ur3e_ros_data::action::MoveXYZW_Goal_<std::allocator<void> >[m[Kâ€™ {aka â€˜[01m[Kconst struct ur3e_ros_data::action::MoveXYZW_Goal_<std::allocator<void> >[m[Kâ€™} has no member named â€˜[01m[Kgoal[m[Kâ€™
[4.151s]    89 |             auto JointGoal = goal->[01;31m[Kgoal[m[K;
[4.151s]       |                                    [01;31m[K^~~~[m[K
[6.260s] gmake[2]: *** [CMakeFiles/moveXYZW_action.dir/build.make:76: CMakeFiles/moveXYZW_action.dir/src/moveXYZW_action.cpp.o] Error 1
[6.260s] gmake[1]: *** [CMakeFiles/Makefile2:195: CMakeFiles/moveXYZW_action.dir/all] Error 2
[6.260s] gmake[1]: *** Waiting for unfinished jobs....
[6.345s] gmake[2]: *** [CMakeFiles/moveXYZ_action.dir/build.make:76: CMakeFiles/moveXYZ_action.dir/src/moveXYZ_action.cpp.o] Error 1
[6.345s] gmake[1]: *** [CMakeFiles/Makefile2:221: CMakeFiles/moveXYZ_action.dir/all] Error 2
[6.345s] gmake: *** [Makefile:146: all] Error 2
[6.347s] Invoked command in '/home/harry/ur3e_ws/build/ur3e_ros_action_cpp' returned '2': CMAKE_PREFIX_PATH=/home/harry/ur3e_ws/install/ur3e_ros_data:/home/harry/ur3e_ws/install/ur_moveit_config:/home/harry/ur3e_ws/install/ur_description:/home/harry/ur3e_ws/install/ur_dashboard_msgs:/home/harry/ur3e_ws/install/ur3e_ros_action_cpp:/home/harry/ur3e_ws/install/ur3e_moveit:/home/harry/ur3e_ws/install/ur3e_new_moveit_config:/home/harry/ur3e_ws/install/ur3e_moveit_config:/home/harry/ur3e_ws/install/ur3e_gazebo_sim:/home/harry/ur3e_ws/install/ur3e_ros_action:/opt/ros/iron LD_LIBRARY_PATH=/home/harry/ur3e_ws/install/ur3e_ros_data/lib:/home/harry/ur3e_ws/install/ur_dashboard_msgs/lib:/usr/lib/x86_64-linux-gnu/gazebo-11/plugins:/opt/ros/iron/opt/rviz_ogre_vendor/lib:/opt/ros/iron/lib/x86_64-linux-gnu:/opt/ros/iron/lib PYTHONPATH=/home/harry/ur3e_ws/install/ur3e_ros_data/lib/python3.10/site-packages:/home/harry/ur3e_ws/install/ur_moveit_config/lib/python3.10/site-packages:/home/harry/ur3e_ws/install/ur_dashboard_msgs/lib/python3.10/site-packages:/home/harry/ur3e_ws/install/ur3e_ros_action/lib/python3.10/site-packages:/opt/ros/iron/lib/python3.10/site-packages /usr/bin/cmake --build /home/harry/ur3e_ws/build/ur3e_ros_action_cpp -- -j8 -l8
